#
# There is insufficient memory for the Java Runtime Environment to continue.
# Native memory allocation (malloc) failed to allocate 1329296 bytes for Chunk::new
# Possible reasons:
#   The system is out of physical RAM or swap space
#   In 32 bit mode, the process size limit was hit
# Possible solutions:
#   Reduce memory load on the system
#   Increase physical memory or swap space
#   Check if swap backing store is full
#   Use 64 bit Java on a 64 bit OS
#   Decrease Java heap size (-Xmx/-Xms)
#   Decrease number of Java threads
#   Decrease Java thread stack sizes (-Xss)
#   Set larger code cache with -XX:ReservedCodeCacheSize=
# This output file may be truncated or incomplete.
#
#  Out of Memory Error (allocation.cpp:390), pid=5072, tid=6888
#
# JRE version: Java(TM) SE Runtime Environment (8.0_74-b02) (build 1.8.0_74-b02)
# Java VM: Java HotSpot(TM) 64-Bit Server VM (25.74-b02 mixed mode windows-amd64 compressed oops)
# Failed to write core dump. Minidumps are not enabled by default on client versions of Windows
#

---------------  T H R E A D  ---------------

Current thread (0x0000000016527800):  JavaThread "C2 CompilerThread1" daemon [_thread_in_native, id=6888, stack(0x0000000016e90000,0x0000000016f90000)]

Stack: [0x0000000016e90000,0x0000000016f90000]
[error occurred during error reporting (printing stack bounds), id 0xc0000005]

Native frames: (J=compiled Java code, j=interpreted, Vv=VM code, C=native code)


Current CompileTask:
C2:   7649 1871   !   4       com.android.dx.cf.code.RopperMachine::run (1550 bytes)


---------------  P R O C E S S  ---------------

Java Threads: ( => current thread )
  0x000000001685d800 JavaThread "pool-1-thread-4" [_thread_blocked, id=3400, stack(0x0000000017960000,0x0000000017a60000)]
  0x000000001685c800 JavaThread "pool-1-thread-3" [_thread_blocked, id=3372, stack(0x0000000017760000,0x0000000017860000)]
  0x000000001684c000 JavaThread "pool-1-thread-2" [_thread_blocked, id=5192, stack(0x0000000017620000,0x0000000017720000)]
  0x000000001684a000 JavaThread "pool-2-thread-1" [_thread_blocked, id=6120, stack(0x0000000017510000,0x0000000017610000)]
  0x0000000016818800 JavaThread "pool-1-thread-1" [_thread_blocked, id=6540, stack(0x0000000017340000,0x0000000017440000)]
  0x0000000016534000 JavaThread "Service Thread" daemon [_thread_blocked, id=6412, stack(0x00000000171a0000,0x00000000172a0000)]
  0x0000000016528800 JavaThread "C1 CompilerThread2" daemon [_thread_blocked, id=3852, stack(0x00000000170a0000,0x00000000171a0000)]
=>0x0000000016527800 JavaThread "C2 CompilerThread1" daemon [_thread_in_native, id=6888, stack(0x0000000016e90000,0x0000000016f90000)]
  0x0000000016526000 JavaThread "C2 CompilerThread0" daemon [_thread_in_native, id=5296, stack(0x0000000016930000,0x0000000016a30000)]
  0x0000000016523000 JavaThread "Attach Listener" daemon [_thread_blocked, id=5188, stack(0x0000000016cb0000,0x0000000016db0000)]
  0x0000000016522800 JavaThread "Signal Dispatcher" daemon [_thread_blocked, id=5216, stack(0x0000000016a30000,0x0000000016b30000)]
  0x000000001510d000 JavaThread "Finalizer" daemon [_thread_blocked, id=6840, stack(0x0000000016420000,0x0000000016520000)]
  0x00000000150c6800 JavaThread "Reference Handler" daemon [_thread_blocked, id=5456, stack(0x00000000162a0000,0x00000000163a0000)]
  0x000000000233f000 JavaThread "main" [_thread_blocked, id=6940, stack(0x0000000002500000,0x0000000002600000)]

Other Threads:
  0x00000000150bf000 VMThread [stack: 0x0000000016150000,0x0000000016250000] [id=5312]
  0x00000000165c5800 WatcherThread [stack: 0x0000000016bb0000,0x0000000016cb0000] [id=6864]

VM state:not at safepoint (normal execution)

VM Mutex/Monitor currently owned by a thread: None

Heap:
 PSYoungGen      total 71680K, used 35331K [0x00000000eab00000, 0x00000000f3700000, 0x0000000100000000)
  eden space 66560K, 45% used [0x00000000eab00000,0x00000000ec883de0,0x00000000eec00000)
  from space 5120K, 99% used [0x00000000eec00000,0x00000000ef0fd1c0,0x00000000ef100000)
  to   space 5120K, 0% used [0x00000000f3200000,0x00000000f3200000,0x00000000f3700000)
 ParOldGen       total 87552K, used 15424K [0x00000000c0000000, 0x00000000c5580000, 0x00000000eab00000)
  object space 87552K, 17% used [0x00000000c0000000,0x00000000c0f10120,0x00000000c5580000)
 Metaspace       used 6407K, capacity 7192K, committed 7424K, reserved 1056768K
  class space    used 628K, capacity 656K, committed 768K, reserved 1048576K

Card table byte_map: [0x0000000011c90000,0x0000000011ea0000] byte_map_base: 0x0000000011690000

Marking Bits: (ParMarkBitMap*) 0x0000000054fa0600
 Begin Bits: [0x0000000012530000, 0x0000000013530000)
 End Bits:   [0x0000000013530000, 0x0000000014530000)

Polling page: 0x0000000000230000

CodeCache: size=245760Kb used=7990Kb max_used=8043Kb free=237769Kb
 bounds [0x00000000028d0000, 0x00000000030c0000, 0x00000000118d0000]
 total_blobs=2069 nmethods=1799 adapters=182
 compilation: enabled

Compilation events (10 events):
Event: 6.467 Thread 0x0000000016528800 1880       2       com.android.dx.dex.code.SimpleInsn::<init> (8 bytes)
Event: 6.467 Thread 0x0000000016528800 nmethod 1880 0x000000000302b950 code [0x000000000302bac0, 0x000000000302bc28]
Event: 7.258 Thread 0x0000000016527800 nmethod 1845 0x000000000309e350 code [0x000000000309ef00, 0x00000000030ac4e8]
Event: 7.258 Thread 0x0000000016527800 1866       4       com.android.dx.rop.code.BasicBlockList::forEachInsn (39 bytes)
Event: 7.263 Thread 0x0000000016527800 nmethod 1866 0x00000000030298d0 code [0x0000000003029a20, 0x0000000003029cb8]
Event: 7.263 Thread 0x0000000016527800 1857   !   4       com.android.dx.cf.code.Simulator::simulate (74 bytes)
Event: 7.269 Thread 0x0000000016527800 nmethod 1857 0x00000000030292d0 code [0x0000000003029440, 0x00000000030295f8]
Event: 7.269 Thread 0x0000000016527800 1849       4       com.android.dx.cf.code.ByteBlock::<init> (181 bytes)
Event: 7.273 Thread 0x0000000016527800 nmethod 1849 0x0000000003066290 code [0x00000000030663e0, 0x0000000003066658]
Event: 7.273 Thread 0x0000000016527800 1871   !   4       com.android.dx.cf.code.RopperMachine::run (1550 bytes)

GC Heap History (6 events):
Event: 2.002 GC heap before
{Heap before GC invocations=1 (full 0):
 PSYoungGen      total 38400K, used 33280K [0x00000000eab00000, 0x00000000ed580000, 0x0000000100000000)
  eden space 33280K, 100% used [0x00000000eab00000,0x00000000ecb80000,0x00000000ecb80000)
  from space 5120K, 0% used [0x00000000ed080000,0x00000000ed080000,0x00000000ed580000)
  to   space 5120K, 0% used [0x00000000ecb80000,0x00000000ecb80000,0x00000000ed080000)
 ParOldGen       total 87552K, used 0K [0x00000000c0000000, 0x00000000c5580000, 0x00000000eab00000)
  object space 87552K, 0% used [0x00000000c0000000,0x00000000c0000000,0x00000000c5580000)
 Metaspace       used 5944K, capacity 6838K, committed 7040K, reserved 1056768K
  class space    used 607K, capacity 622K, committed 640K, reserved 1048576K
Event: 2.072 GC heap after
Heap after GC invocations=1 (full 0):
 PSYoungGen      total 38400K, used 5090K [0x00000000eab00000, 0x00000000ef600000, 0x0000000100000000)
  eden space 33280K, 0% used [0x00000000eab00000,0x00000000eab00000,0x00000000ecb80000)
  from space 5120K, 99% used [0x00000000ecb80000,0x00000000ed0789d8,0x00000000ed080000)
  to   space 5120K, 0% used [0x00000000ef100000,0x00000000ef100000,0x00000000ef600000)
 ParOldGen       total 87552K, used 890K [0x00000000c0000000, 0x00000000c5580000, 0x00000000eab00000)
  object space 87552K, 1% used [0x00000000c0000000,0x00000000c00debf8,0x00000000c5580000)
 Metaspace       used 5944K, capacity 6838K, committed 7040K, reserved 1056768K
  class space    used 607K, capacity 622K, committed 640K, reserved 1048576K
}
Event: 4.149 GC heap before
{Heap before GC invocations=2 (full 0):
 PSYoungGen      total 38400K, used 38370K [0x00000000eab00000, 0x00000000ef600000, 0x0000000100000000)
  eden space 33280K, 100% used [0x00000000eab00000,0x00000000ecb80000,0x00000000ecb80000)
  from space 5120K, 99% used [0x00000000ecb80000,0x00000000ed0789d8,0x00000000ed080000)
  to   space 5120K, 0% used [0x00000000ef100000,0x00000000ef100000,0x00000000ef600000)
 ParOldGen       total 87552K, used 890K [0x00000000c0000000, 0x00000000c5580000, 0x00000000eab00000)
  object space 87552K, 1% used [0x00000000c0000000,0x00000000c00debf8,0x00000000c5580000)
 Metaspace       used 6208K, capacity 7094K, committed 7296K, reserved 1056768K
  class space    used 608K, capacity 622K, committed 640K, reserved 1048576K
Event: 4.290 GC heap after
Heap after GC invocations=2 (full 0):
 PSYoungGen      total 71680K, used 5105K [0x00000000eab00000, 0x00000000ef600000, 0x0000000100000000)
  eden space 66560K, 0% used [0x00000000eab00000,0x00000000eab00000,0x00000000eec00000)
  from space 5120K, 99% used [0x00000000ef100000,0x00000000ef5fc6a8,0x00000000ef600000)
  to   space 5120K, 0% used [0x00000000eec00000,0x00000000eec00000,0x00000000ef100000)
 ParOldGen       total 87552K, used 5028K [0x00000000c0000000, 0x00000000c5580000, 0x00000000eab00000)
  object space 87552K, 5% used [0x00000000c0000000,0x00000000c04e91b8,0x00000000c5580000)
 Metaspace       used 6208K, capacity 7094K, committed 7296K, reserved 1056768K
  class space    used 608K, capacity 622K, committed 640K, reserved 1048576K
}
Event: 5.224 GC heap before
{Heap before GC invocations=3 (full 0):
 PSYoungGen      total 71680K, used 71665K [0x00000000eab00000, 0x00000000ef600000, 0x0000000100000000)
  eden space 66560K, 100% used [0x00000000eab00000,0x00000000eec00000,0x00000000eec00000)
  from space 5120K, 99% used [0x00000000ef100000,0x00000000ef5fc6a8,0x00000000ef600000)
  to   space 5120K, 0% used [0x00000000eec00000,0x00000000eec00000,0x00000000ef100000)
 ParOldGen       total 87552K, used 5028K [0x00000000c0000000, 0x00000000c5580000, 0x00000000eab00000)
  object space 87552K, 5% used [0x00000000c0000000,0x00000000c04e91b8,0x00000000c5580000)
 Metaspace       used 6390K, capacity 7192K, committed 7424K, reserved 1056768K
  class space    used 628K, capacity 656K, committed 768K, reserved 1048576K
Event: 5.354 GC heap after
Heap after GC invocations=3 (full 0):
 PSYoungGen      total 71680K, used 5108K [0x00000000eab00000, 0x00000000f3700000, 0x0000000100000000)
  eden space 66560K, 0% used [0x00000000eab00000,0x00000000eab00000,0x00000000eec00000)
  from space 5120K, 99% used [0x00000000eec00000,0x00000000ef0fd1c0,0x00000000ef100000)
  to   space 5120K, 0% used [0x00000000f3200000,0x00000000f3200000,0x00000000f3700000)
 ParOldGen       total 87552K, used 15424K [0x00000000c0000000, 0x00000000c5580000, 0x00000000eab00000)
  object space 87552K, 17% used [0x00000000c0000000,0x00000000c0f10120,0x00000000c5580000)
 Metaspace       used 6390K, capacity 7192K, committed 7424K, reserved 1056768K
  class space    used 628K, capacity 656K, committed 768K, reserved 1048576K
}

Deoptimization events (10 events):
Event: 4.667 Thread 0x000000001684c000 Uncommon trap: reason=unstable_if action=reinterpret pc=0x0000000002c7e6ac method=com.android.dx.util.IntList.binarysearch(I)I @ 105
Event: 4.801 Thread 0x0000000016818800 Uncommon trap: reason=unstable_if action=reinterpret pc=0x0000000002e946b8 method=com.android.dx.ssa.SCCP.simulateBranch(Lcom/android/dx/ssa/SsaInsn;)V @ 64
Event: 4.801 Thread 0x0000000016818800 Uncommon trap: reason=unstable_if action=reinterpret pc=0x0000000002ee9310 method=com.android.dx.ssa.LiteralOpUpgrader$1.visitNonMoveInsn(Lcom/android/dx/ssa/NormalSsaInsn;)V @ 55
Event: 4.802 Thread 0x0000000016818800 Uncommon trap: reason=unstable_if action=reinterpret pc=0x0000000002c6298c method=com.android.dx.ssa.SsaMethod.updateOneDefinition(Lcom/android/dx/ssa/SsaInsn;Lcom/android/dx/rop/code/RegisterSpec;)V @ 4
Event: 4.874 Thread 0x0000000016818800 Uncommon trap: reason=unstable_if action=reinterpret pc=0x0000000002be0834 method=java.util.HashMap.putVal(ILjava/lang/Object;Ljava/lang/Object;ZZ)Ljava/lang/Object; @ 162
Event: 4.878 Thread 0x0000000016818800 Uncommon trap: reason=unstable_if action=reinterpret pc=0x0000000002b2bcf0 method=java.util.HashMap.getNode(ILjava/lang/Object;)Ljava/util/HashMap$Node; @ 84
Event: 4.888 Thread 0x0000000016818800 Uncommon trap: reason=unstable_if action=reinterpret pc=0x0000000002b2fbc8 method=java.util.HashMap.getNode(ILjava/lang/Object;)Ljava/util/HashMap$Node; @ 84
Event: 5.402 Thread 0x000000001685c800 Uncommon trap: reason=unstable_if action=reinterpret pc=0x0000000002f5b540 method=com.android.dx.ssa.LocalVariableExtractor.processBlock(I)V @ 251
Event: 5.940 Thread 0x0000000016818800 Uncommon trap: reason=unstable_if action=reinterpret pc=0x0000000002d4441c method=java.util.HashMap.putVal(ILjava/lang/Object;Ljava/lang/Object;ZZ)Ljava/lang/Object; @ 109
Event: 6.413 Thread 0x000000001685c800 Uncommon trap: reason=unstable_if action=reinterpret pc=0x0000000003009bbc method=com.android.dx.ssa.SCCP.simulateStmt(Lcom/android/dx/ssa/SsaInsn;)V @ 59

Internal exceptions (7 events):
Event: 0.067 Thread 0x000000000233f000 Exception <a 'java/lang/NoSuchMethodError': Method sun.misc.Unsafe.defineClass(Ljava/lang/String;[BII)Ljava/lang/Class; name or signature does not match> (0x00000000eab07cc0) thrown at [C:\re\workspace\8-2-build-windows-amd64-cygwin\jdk8u74\6087\hotspot\sr‘	D½‹@±?
Event: 0.067 Thread 0x000000000233f000 Exception <a 'java/lang/NoSuchMethodError': Method sun.misc.Unsafe.prefetchRead(Ljava/lang/Object;J)V name or signature does not match> (0x00000000eab07fa8) thrown at [C:\re\workspace\8-2-build-windows-amd64-cygwin\jdk8u74\6087\hotspot\src\share\vm\prims\j¾>’ŽB@
Event: 2.407 Thread 0x0000000016818800 Implicit null exception at 0x0000000002bb732e to 0x0000000002bb934d
Event: 2.484 Thread 0x0000000016818800 Implicit null exception at 0x0000000002b79a17 to 0x0000000002b7b4b1
Event: 4.876 Thread 0x0000000016818800 Exception <a 'java/lang/ArrayIndexOutOfBoundsException': 18> (0x00000000ed63b060) thrown at [C:\re\workspace\8-2-build-windows-amd64-cygwin\jdk8u74\6087\hotspot\src\share\vm\interpreter\interpreterRuntime.cpp, line 366]
Event: 4.876 Thread 0x0000000016818800 Exception <a 'java/lang/ArrayIndexOutOfBoundsException': 145> (0x00000000ed63cbe0) thrown at [C:\re\workspace\8-2-build-windows-amd64-cygwin\jdk8u74\6087\hotspot\src\share\vm\interpreter\interpreterRuntime.cpp, line 366]
Event: 4.877 Thread 0x0000000016818800 Exception <a 'java/lang/ArrayIndexOutOfBoundsException': 40> (0x00000000ed63dec8) thrown at [C:\re\workspace\8-2-build-windows-amd64-cygwin\jdk8u74\6087\hotspot\src\share\vm\interpreter\interpreterRuntime.cpp, line 366]

Events (10 events):
Event: 5.940 Thread 0x0000000016818800 Uncommon trap: trap_request=0xffffff65 fr.pc=0x0000000002d4441c
Event: 5.940 Thread 0x0000000016818800 DEOPT PACKING pc=0x0000000002d4441c sp=0x000000001743e210
Event: 5.940 Thread 0x0000000016818800 DEOPT UNPACKING pc=0x000000000291582a sp=0x000000001743e1a0 mode 2
Event: 6.390 Thread 0x000000001685c800 DEOPT PACKING pc=0x0000000002caff7d sp=0x000000001785e850
Event: 6.390 Thread 0x000000001685c800 DEOPT UNPACKING pc=0x000000000291787f sp=0x000000001785e530 mode 0
Event: 6.408 Thread 0x000000001685c800 DEOPT PACKING pc=0x0000000002bc4927 sp=0x000000001785e7d0
Event: 6.408 Thread 0x000000001685c800 DEOPT UNPACKING pc=0x000000000291787f sp=0x000000001785e540 mode 0
Event: 6.413 Thread 0x000000001685c800 Uncommon trap: trap_request=0xffffff65 fr.pc=0x0000000003009bbc
Event: 6.413 Thread 0x000000001685c800 DEOPT PACKING pc=0x0000000003009bbc sp=0x000000001785e6c0
Event: 6.413 Thread 0x000000001685c800 DEOPT UNPACKING pc=0x000000000291582a sp=0x000000001785e6a8 mode 2


Dynamic libraries:
0x000000013fa00000 - 0x000000013fa37000 	C:\Program Files\Java\jdk1.8.0_74\bin\java.exe
0x00000000777b0000 - 0x0000000077959000 	C:\Windows\SYSTEM32\ntdll.dll
0x0000000077590000 - 0x00000000776af000 	C:\Windows\system32\kernel32.dll
0x000007fefd7f0000 - 0x000007fefd85b000 	C:\Windows\system32\KERNELBASE.dll
0x000007fefecd0000 - 0x000007fefedab000 	C:\Windows\system32\ADVAPI32.dll
0x000007feffa20000 - 0x000007feffabf000 	C:\Windows\system32\msvcrt.dll
0x000007fefe8e0000 - 0x000007fefe8ff000 	C:\Windows\SYSTEM32\sechost.dll
0x000007fefeba0000 - 0x000007fefeccd000 	C:\Windows\system32\RPCRT4.dll
0x00000000776b0000 - 0x00000000777aa000 	C:\Windows\system32\USER32.dll
0x000007feff620000 - 0x000007feff687000 	C:\Windows\system32\GDI32.dll
0x000007fefea10000 - 0x000007fefea1e000 	C:\Windows\system32\LPK.dll
0x000007feff370000 - 0x000007feff439000 	C:\Windows\system32\USP10.dll
0x000007fefc1d0000 - 0x000007fefc3c4000 	C:\Windows\WinSxS\amd64_microsoft.windows.common-controls_6595b64144ccf1df_6.0.7601.17514_none_fa396087175ac9ac\COMCTL32.dll
0x000007feff9a0000 - 0x000007feffa11000 	C:\Windows\system32\SHLWAPI.dll
0x000007feff260000 - 0x000007feff28e000 	C:\Windows\system32\IMM32.DLL
0x000007fefefc0000 - 0x000007feff0c9000 	C:\Windows\system32\MSCTF.dll
0x0000000053630000 - 0x0000000053702000 	C:\Program Files\Java\jdk1.8.0_74\jre\bin\msvcr100.dll
0x0000000054790000 - 0x0000000055020000 	C:\Program Files\Java\jdk1.8.0_74\jre\bin\server\jvm.dll
0x000007fef3f20000 - 0x000007fef3f29000 	C:\Windows\system32\WSOCK32.dll
0x000007fefe9c0000 - 0x000007fefea0d000 	C:\Windows\system32\WS2_32.dll
0x000007feff8f0000 - 0x000007feff8f8000 	C:\Windows\system32\NSI.dll
0x000007fefb7c0000 - 0x000007fefb7fb000 	C:\Windows\system32\WINMM.dll
0x000007fefc860000 - 0x000007fefc86c000 	C:\Windows\system32\VERSION.dll
0x0000000077980000 - 0x0000000077987000 	C:\Windows\system32\PSAPI.DLL
0x000000006dd10000 - 0x000000006dd1f000 	C:\Program Files\Java\jdk1.8.0_74\jre\bin\verify.dll
0x0000000055710000 - 0x0000000055739000 	C:\Program Files\Java\jdk1.8.0_74\jre\bin\java.dll
0x0000000060b90000 - 0x0000000060ba6000 	C:\Program Files\Java\jdk1.8.0_74\jre\bin\zip.dll
0x000007fefdad0000 - 0x000007fefe858000 	C:\Windows\system32\SHELL32.dll
0x000007fefedb0000 - 0x000007fefefb3000 	C:\Windows\system32\ole32.dll
0x000007fefd700000 - 0x000007fefd70f000 	C:\Windows\system32\profapi.dll

VM Arguments:
jvm_args: -Djava.awt.headless=true -Xmx1024M -Dfile.encoding=windows-1254 -Duser.country=TR -Duser.language=tr -Duser.variant 
java_command: com.android.dx.command.Main --dex --num-threads=4 --output C:\Users\gL\AndroidStudioProjects\Week10\app\build\intermediates\pre-dexed\debug\com.android.support-appcompat-v7-23.2.1_494924ea8d84ebc0082c75c3e45a928656f77fc8.jar C:\Users\gL\AndroidStudioProjects\Week10\app\build\intermediates\exploded-aar\com.android.support\appcompat-v7\23.2.1\jars\classes.jar
java_class_path (initial): C:\Users\gL\AppData\Local\Android\sdk\build-tools\23.0.3\lib\dx.jar
Launcher Type: SUN_STANDARD

Environment Variables:
JAVA_HOME=C:\Program Files\Java\jdk1.8.0_74
PATH=C:\ProgramData\Oracle\Java\javapath;C:\Program Files (x86)\Intel\iCLS Client\;C:\Program Files\Intel\iCLS Client\;C:\Windows\system32;C:\Windows;C:\Windows\System32\Wbem;C:\Windows\System32\WindowsPowerShell\v1.0\;C:\Program Files (x86)\Intel\OpenCL SDK\2.0\bin\x86;C:\Program Files (x86)\Intel\OpenCL SDK\2.0\bin\x64;C:\Program Files\Intel\Intel(R) Management Engine Components\DAL;C:\Program Files\Intel\Intel(R) Management Engine Components\IPT;C:\Program Files (x86)\Intel\Intel(R) Management Engine Components\DAL;C:\Program Files (x86)\Intel\Intel(R) Management Engine Components\IPT;C:\Program Files\MATLAB\R2014b\runtime\win64;C:\Program Files\MATLAB\R2014b\bin;C:\Program Files (x86)\Windows Kits\8.1\Windows Performance Toolkit\;C:\Program Files\Microsoft SQL Server\110\Tools\Binn\;C:\Program Files (x86)\Microsoft SDKs\TypeScript\1.0\;C:\Program Files\Microsoft SQL Server\120\Tools\Binn\;C:\Program Files\Java\jdk1.8.0_74\bin;C:\Program Files\JAI\SDK\bin;C:\Program Files\JAI\SDK\bin\Win32_i86;C:\Program Files\JAI\SDK\GenICam\bin\Win64_x64;C:\Program Files\JAI\SDK\GenICam\bin\Win32_i86;C:\Program Files\Common Files\XenICs\Runtime;C:\Program Files\Git\cmd;C:\Program Files\SlikSvn\bin;;D:\Ceemple\OpenCV4VS\bin
USERNAME=gL
OS=Windows_NT
PROCESSOR_IDENTIFIER=Intel64 Family 6 Model 58 Stepping 9, GenuineIntel



---------------  S Y S T E M  ---------------

OS: Windows 7 , 64 bit Build 7601 (6.1.7601.17514)

CPU:total 4 (2 cores per cpu, 2 threads per core) family 6 model 58 stepping 9, cmov, cx8, fxsr, mmx, sse, sse2, sse3, ssse3, sse4.1, sse4.2, popcnt, avx, aes, clmul, erms, ht, tsc, tscinvbit, tscinv

Memory: 4k page, physical 8282524k(694284k free), swap 8804968k(5552k free)

vm_info: Java HotSpot(TM) 64-Bit Server VM (25.74-b02) for windows-amd64 JRE (1.8.0_74-b02), built on Jan 29 2016 17:42:36 by "java_re" with MS VC++ 10.0 (VS2010)

time: Thu Apr 28 14:47:28 2016
elapsed time: 7 seconds (0d 0h 0m 7s)

