#
# There is insufficient memory for the Java Runtime Environment to continue.
# Native memory allocation (malloc) failed to allocate 975856 bytes for Chunk::new
# Possible reasons:
#   The system is out of physical RAM or swap space
#   In 32 bit mode, the process size limit was hit
# Possible solutions:
#   Reduce memory load on the system
#   Increase physical memory or swap space
#   Check if swap backing store is full
#   Use 64 bit Java on a 64 bit OS
#   Decrease Java heap size (-Xmx/-Xms)
#   Decrease number of Java threads
#   Decrease Java thread stack sizes (-Xss)
#   Set larger code cache with -XX:ReservedCodeCacheSize=
# This output file may be truncated or incomplete.
#
#  Out of Memory Error (allocation.cpp:390), pid=2968, tid=3300
#
# JRE version: Java(TM) SE Runtime Environment (8.0_74-b02) (build 1.8.0_74-b02)
# Java VM: Java HotSpot(TM) 64-Bit Server VM (25.74-b02 mixed mode windows-amd64 compressed oops)
# Failed to write core dump. Minidumps are not enabled by default on client versions of Windows
#

---------------  T H R E A D  ---------------

Current thread (0x00000000164cc000):  JavaThread "C2 CompilerThread1" daemon [_thread_in_native, id=3300, stack(0x0000000016250000,0x0000000016350000)]

Stack: [0x0000000016250000,0x0000000016350000]
[error occurred during error reporting (printing stack bounds), id 0xc0000005]

Native frames: (J=compiled Java code, j=interpreted, Vv=VM code, C=native code)


Current CompileTask:
C2:   1672  886       4       com.android.dx.ssa.NormalSsaInsn::accept (25 bytes)


---------------  P R O C E S S  ---------------

Java Threads: ( => current thread )
  0x0000000016781000 JavaThread "pool-2-thread-3" [_thread_blocked, id=2584, stack(0x0000000017920000,0x0000000017a20000)]
  0x000000001660b800 JavaThread "pool-3-thread-1" [_thread_blocked, id=3936, stack(0x0000000017550000,0x0000000017650000)]
  0x0000000016529000 JavaThread "Service Thread" daemon [_thread_blocked, id=5488, stack(0x0000000017050000,0x0000000017150000)]
  0x0000000016525000 JavaThread "C1 CompilerThread2" daemon [_thread_blocked, id=6128, stack(0x0000000016e60000,0x0000000016f60000)]
=>0x00000000164cc000 JavaThread "C2 CompilerThread1" daemon [_thread_in_native, id=3300, stack(0x0000000016250000,0x0000000016350000)]
  0x00000000164c6800 JavaThread "C2 CompilerThread0" daemon [_thread_in_native, id=4392, stack(0x0000000016d50000,0x0000000016e50000)]
  0x00000000164c3000 JavaThread "Attach Listener" daemon [_thread_blocked, id=6764, stack(0x0000000016b20000,0x0000000016c20000)]
  0x00000000164c2800 JavaThread "Signal Dispatcher" daemon [_thread_blocked, id=5292, stack(0x0000000016940000,0x0000000016a40000)]
  0x0000000014f34800 JavaThread "Finalizer" daemon [_thread_blocked, id=4704, stack(0x00000000163c0000,0x00000000164c0000)]
  0x0000000014ef3000 JavaThread "Reference Handler" daemon [_thread_blocked, id=4036, stack(0x0000000015fe0000,0x00000000160e0000)]
  0x000000000219f000 JavaThread "main" [_thread_blocked, id=3184, stack(0x00000000021a0000,0x00000000022a0000)]

Other Threads:
  0x0000000014eeb800 VMThread [stack: 0x0000000016110000,0x0000000016210000] [id=2852]
  0x000000001652d800 WatcherThread [stack: 0x00000000171c0000,0x00000000172c0000] [id=5872]

VM state:not at safepoint (normal execution)

VM Mutex/Monitor currently owned by a thread: None

Heap:
 PSYoungGen      total 38400K, used 25994K [0x00000000eab00000, 0x00000000ed580000, 0x0000000100000000)
  eden space 33280K, 78% used [0x00000000eab00000,0x00000000ec462868,0x00000000ecb80000)
  from space 5120K, 0% used [0x00000000ed080000,0x00000000ed080000,0x00000000ed580000)
  to   space 5120K, 0% used [0x00000000ecb80000,0x00000000ecb80000,0x00000000ed080000)
 ParOldGen       total 87552K, used 0K [0x00000000c0000000, 0x00000000c5580000, 0x00000000eab00000)
  object space 87552K, 0% used [0x00000000c0000000,0x00000000c0000000,0x00000000c5580000)
 Metaspace       used 5654K, capacity 6832K, committed 7040K, reserved 1056768K
  class space    used 582K, capacity 616K, committed 640K, reserved 1048576K

Card table byte_map: [0x0000000011a10000,0x0000000011c20000] byte_map_base: 0x0000000011410000

Marking Bits: (ParMarkBitMap*) 0x0000000054fa0600
 Begin Bits: [0x0000000012360000, 0x0000000013360000)
 End Bits:   [0x0000000013360000, 0x0000000014360000)

Polling page: 0x0000000001b60000

CodeCache: size=245760Kb used=3620Kb max_used=3620Kb free=242139Kb
 bounds [0x0000000002650000, 0x00000000029e0000, 0x0000000011650000]
 total_blobs=1149 nmethods=888 adapters=174
 compilation: enabled

Compilation events (10 events):
Event: 1.668 Thread 0x0000000016525000 nmethod 889 0x00000000029d6090 code [0x00000000029d6200, 0x00000000029d6408]
Event: 1.668 Thread 0x0000000016525000  906       2       com.android.dx.ssa.back.FirstFitLocalCombiningAllocator::addMapping (76 bytes)
Event: 1.669 Thread 0x0000000016525000 nmethod 906 0x00000000029d64d0 code [0x00000000029d66e0, 0x00000000029d6c58]
Event: 1.669 Thread 0x0000000016525000  908       2       com.android.dx.rop.code.ThrowingInsn::accept (8 bytes)
Event: 1.669 Thread 0x0000000016525000 nmethod 908 0x00000000029d7290 code [0x00000000029d7400, 0x00000000029d7588]
Event: 1.669 Thread 0x0000000016525000  907       2       com.android.dx.ssa.InterferenceRegisterMapper::addMapping (27 bytes)
Event: 1.670 Thread 0x0000000016525000 nmethod 907 0x00000000029d7610 code [0x00000000029d7780, 0x00000000029d7988]
Event: 1.670 Thread 0x0000000016525000  893       2       com.android.dx.dex.file.Item::<init> (5 bytes)
Event: 1.670 Thread 0x0000000016525000 nmethod 893 0x00000000029d7a90 code [0x00000000029d7be0, 0x00000000029d7d30]
Event: 1.670 Thread 0x0000000016525000  895       2       com.android.dx.dex.file.IndexedItem::<init> (10 bytes)

GC Heap History (0 events):
No events

Deoptimization events (6 events):
Event: 1.263 Thread 0x000000001660a800 Uncommon trap: reason=unstable_if action=reinterpret pc=0x0000000002852e88 method=java.util.HashMap.getNode(ILjava/lang/Object;)Ljava/util/HashMap$Node; @ 129
Event: 1.482 Thread 0x000000001660a800 Uncommon trap: reason=unstable_if action=reinterpret pc=0x00000000028a8460 method=com.android.dx.rop.code.RegisterSpec.equals(ILcom/android/dx/rop/type/TypeBearer;Lcom/android/dx/rop/code/LocalItem;)Z @ 16
Event: 1.483 Thread 0x000000001660a800 Uncommon trap: reason=unstable_if action=reinterpret pc=0x000000000286b368 method=java.util.BitSet.ensureCapacity(I)V @ 6
Event: 1.486 Thread 0x000000001660a800 Uncommon trap: reason=unloaded action=reinterpret pc=0x000000000291e854 method=com.android.dx.ssa.SsaRenamer$BlockRenamer.visitMoveInsn(Lcom/android/dx/ssa/NormalSsaInsn;)V @ 208
Event: 1.561 Thread 0x000000001660a800 Uncommon trap: reason=unloaded action=reinterpret pc=0x000000000297ae30 method=com.android.dx.ssa.SsaRenamer$BlockRenamer.visitMoveInsn(Lcom/android/dx/ssa/NormalSsaInsn;)V @ 208
Event: 1.587 Thread 0x000000001660a800 Uncommon trap: reason=unstable_if action=reinterpret pc=0x000000000292de04 method=com.android.dx.rop.cst.Constant.compareTo(Lcom/android/dx/rop/cst/Constant;)I @ 12

Internal exceptions (2 events):
Event: 0.073 Thread 0x000000000219f000 Exception <a 'java/lang/NoSuchMethodError': Method sun.misc.Unsafe.defineClass(Ljava/lang/String;[BII)Ljava/lang/Class; name or signature does not match> (0x00000000eab07cc0) thrown at [C:\re\workspace\8-2-build-windows-amd64-cygwin\jdk8u74\6087\hotspot\srìQ&ßÄ²?
Event: 0.073 Thread 0x000000000219f000 Exception <a 'java/lang/NoSuchMethodError': Method sun.misc.Unsafe.prefetchRead(Ljava/lang/Object;J)V name or signature does not match> (0x00000000eab07fa8) thrown at [C:\re\workspace\8-2-build-windows-amd64-cygwin\jdk8u74\6087\hotspot\src\share\vm\prims\j

Events (10 events):
Event: 1.561 Thread 0x000000001660a800 DEOPT PACKING pc=0x000000000297ae30 sp=0x00000000173ce970
Event: 1.561 Thread 0x000000001660a800 DEOPT UNPACKING pc=0x000000000269582a sp=0x00000000173ce8e0 mode 2
Event: 1.587 Thread 0x000000001660a800 Uncommon trap: trap_request=0xffffff65 fr.pc=0x000000000292de04
Event: 1.587 Thread 0x000000001660a800 DEOPT PACKING pc=0x000000000292de04 sp=0x00000000173ce7b0
Event: 1.587 Thread 0x000000001660a800 DEOPT UNPACKING pc=0x000000000269582a sp=0x00000000173ce750 mode 2
Event: 1.643 loading class com/android/dx/cf/code/BytecodeArray$ConstantParserVisitor
Event: 1.643 loading class com/android/dx/cf/code/BytecodeArray$ConstantParserVisitor done
Event: 1.652 Thread 0x000000001660a800 Thread exited: 0x000000001660a800
Event: 1.654 Thread 0x000000001677d800 Thread exited: 0x000000001677d800
Event: 1.669 Thread 0x0000000016620800 Thread exited: 0x0000000016620800


Dynamic libraries:
0x000000013fa00000 - 0x000000013fa37000 	C:\Program Files\Java\jdk1.8.0_74\bin\java.exe
0x00000000777b0000 - 0x0000000077959000 	C:\Windows\SYSTEM32\ntdll.dll
0x0000000077590000 - 0x00000000776af000 	C:\Windows\system32\kernel32.dll
0x000007fefd7f0000 - 0x000007fefd85b000 	C:\Windows\system32\KERNELBASE.dll
0x000007fefecd0000 - 0x000007fefedab000 	C:\Windows\system32\ADVAPI32.dll
0x000007feffa20000 - 0x000007feffabf000 	C:\Windows\system32\msvcrt.dll
0x000007fefe8e0000 - 0x000007fefe8ff000 	C:\Windows\SYSTEM32\sechost.dll
0x000007fefeba0000 - 0x000007fefeccd000 	C:\Windows\system32\RPCRT4.dll
0x00000000776b0000 - 0x00000000777aa000 	C:\Windows\system32\USER32.dll
0x000007feff620000 - 0x000007feff687000 	C:\Windows\system32\GDI32.dll
0x000007fefea10000 - 0x000007fefea1e000 	C:\Windows\system32\LPK.dll
0x000007feff370000 - 0x000007feff439000 	C:\Windows\system32\USP10.dll
0x000007fefc1d0000 - 0x000007fefc3c4000 	C:\Windows\WinSxS\amd64_microsoft.windows.common-controls_6595b64144ccf1df_6.0.7601.17514_none_fa396087175ac9ac\COMCTL32.dll
0x000007feff9a0000 - 0x000007feffa11000 	C:\Windows\system32\SHLWAPI.dll
0x000007feff260000 - 0x000007feff28e000 	C:\Windows\system32\IMM32.DLL
0x000007fefefc0000 - 0x000007feff0c9000 	C:\Windows\system32\MSCTF.dll
0x0000000053630000 - 0x0000000053702000 	C:\Program Files\Java\jdk1.8.0_74\jre\bin\msvcr100.dll
0x0000000054790000 - 0x0000000055020000 	C:\Program Files\Java\jdk1.8.0_74\jre\bin\server\jvm.dll
0x000007fef3f20000 - 0x000007fef3f29000 	C:\Windows\system32\WSOCK32.dll
0x000007fefe9c0000 - 0x000007fefea0d000 	C:\Windows\system32\WS2_32.dll
0x000007feff8f0000 - 0x000007feff8f8000 	C:\Windows\system32\NSI.dll
0x000007fefb7c0000 - 0x000007fefb7fb000 	C:\Windows\system32\WINMM.dll
0x000007fefc860000 - 0x000007fefc86c000 	C:\Windows\system32\VERSION.dll
0x0000000077980000 - 0x0000000077987000 	C:\Windows\system32\PSAPI.DLL
0x000000006dd10000 - 0x000000006dd1f000 	C:\Program Files\Java\jdk1.8.0_74\jre\bin\verify.dll
0x0000000055710000 - 0x0000000055739000 	C:\Program Files\Java\jdk1.8.0_74\jre\bin\java.dll
0x0000000060b90000 - 0x0000000060ba6000 	C:\Program Files\Java\jdk1.8.0_74\jre\bin\zip.dll
0x000007fefdad0000 - 0x000007fefe858000 	C:\Windows\system32\SHELL32.dll
0x000007fefedb0000 - 0x000007fefefb3000 	C:\Windows\system32\ole32.dll
0x000007fefd700000 - 0x000007fefd70f000 	C:\Windows\system32\profapi.dll

VM Arguments:
jvm_args: -Djava.awt.headless=true -Xmx1024M -Dfile.encoding=windows-1254 -Duser.country=TR -Duser.language=tr -Duser.variant 
java_command: com.android.dx.command.Main --dex --force-jumbo --num-threads=4 --multi-dex --output C:\Users\gL\AndroidStudioProjects\Week10\app\build\intermediates\transforms\dex\debug\folders\1000\5\slice_9 C:\Users\gL\AndroidStudioProjects\Week10\app\build\intermediates\transforms\instantRunSlicer\debug\folders\1\5\slice_9
java_class_path (initial): C:\Users\gL\AppData\Local\Android\sdk\build-tools\23.0.3\lib\dx.jar
Launcher Type: SUN_STANDARD

Environment Variables:
JAVA_HOME=C:\Program Files\Java\jdk1.8.0_74
PATH=C:\ProgramData\Oracle\Java\javapath;C:\Program Files (x86)\Intel\iCLS Client\;C:\Program Files\Intel\iCLS Client\;C:\Windows\system32;C:\Windows;C:\Windows\System32\Wbem;C:\Windows\System32\WindowsPowerShell\v1.0\;C:\Program Files (x86)\Intel\OpenCL SDK\2.0\bin\x86;C:\Program Files (x86)\Intel\OpenCL SDK\2.0\bin\x64;C:\Program Files\Intel\Intel(R) Management Engine Components\DAL;C:\Program Files\Intel\Intel(R) Management Engine Components\IPT;C:\Program Files (x86)\Intel\Intel(R) Management Engine Components\DAL;C:\Program Files (x86)\Intel\Intel(R) Management Engine Components\IPT;C:\Program Files\MATLAB\R2014b\runtime\win64;C:\Program Files\MATLAB\R2014b\bin;C:\Program Files (x86)\Windows Kits\8.1\Windows Performance Toolkit\;C:\Program Files\Microsoft SQL Server\110\Tools\Binn\;C:\Program Files (x86)\Microsoft SDKs\TypeScript\1.0\;C:\Program Files\Microsoft SQL Server\120\Tools\Binn\;C:\Program Files\Java\jdk1.8.0_74\bin;C:\Program Files\JAI\SDK\bin;C:\Program Files\JAI\SDK\bin\Win32_i86;C:\Program Files\JAI\SDK\GenICam\bin\Win64_x64;C:\Program Files\JAI\SDK\GenICam\bin\Win32_i86;C:\Program Files\Common Files\XenICs\Runtime;C:\Program Files\Git\cmd;C:\Program Files\SlikSvn\bin;;D:\Ceemple\OpenCV4VS\bin
USERNAME=gL
OS=Windows_NT
PROCESSOR_IDENTIFIER=Intel64 Family 6 Model 58 Stepping 9, GenuineIntel



---------------  S Y S T E M  ---------------

OS: Windows 7 , 64 bit Build 7601 (6.1.7601.17514)

CPU:total 4 (2 cores per cpu, 2 threads per core) family 6 model 58 stepping 9, cmov, cx8, fxsr, mmx, sse, sse2, sse3, ssse3, sse4.1, sse4.2, popcnt, avx, aes, clmul, erms, ht, tsc, tscinvbit, tscinv

Memory: 4k page, physical 8282524k(695068k free), swap 8804968k(5416k free)

vm_info: Java HotSpot(TM) 64-Bit Server VM (25.74-b02) for windows-amd64 JRE (1.8.0_74-b02), built on Jan 29 2016 17:42:36 by "java_re" with MS VC++ 10.0 (VS2010)

time: Thu Apr 28 14:23:07 2016
elapsed time: 1 seconds (0d 0h 0m 1s)

