#
# There is insufficient memory for the Java Runtime Environment to continue.
# Native memory allocation (malloc) failed to allocate 808336 bytes for Chunk::new
# Possible reasons:
#   The system is out of physical RAM or swap space
#   In 32 bit mode, the process size limit was hit
# Possible solutions:
#   Reduce memory load on the system
#   Increase physical memory or swap space
#   Check if swap backing store is full
#   Use 64 bit Java on a 64 bit OS
#   Decrease Java heap size (-Xmx/-Xms)
#   Decrease number of Java threads
#   Decrease Java thread stack sizes (-Xss)
#   Set larger code cache with -XX:ReservedCodeCacheSize=
# This output file may be truncated or incomplete.
#
#  Out of Memory Error (allocation.cpp:390), pid=5184, tid=1916
#
# JRE version: Java(TM) SE Runtime Environment (8.0_74-b02) (build 1.8.0_74-b02)
# Java VM: Java HotSpot(TM) 64-Bit Server VM (25.74-b02 mixed mode windows-amd64 compressed oops)
# Failed to write core dump. Minidumps are not enabled by default on client versions of Windows
#

---------------  T H R E A D  ---------------

Current thread (0x00000000165c6000):  JavaThread "C2 CompilerThread0" daemon [_thread_in_native, id=1916, stack(0x0000000016cf0000,0x0000000016df0000)]

Stack: [0x0000000016cf0000,0x0000000016df0000]
[error occurred during error reporting (printing stack bounds), id 0xc0000005]

Native frames: (J=compiled Java code, j=interpreted, Vv=VM code, C=native code)


Current CompileTask:
C2:   7551 1642       4       com.android.dx.ssa.SCCP::simulateStmt (481 bytes)


---------------  P R O C E S S  ---------------

Java Threads: ( => current thread )
  0x0000000016883000 JavaThread "pool-1-thread-4" [_thread_blocked, id=7040, stack(0x0000000017d10000,0x0000000017e10000)]
  0x000000001687f800 JavaThread "pool-1-thread-3" [_thread_blocked, id=5008, stack(0x0000000017e60000,0x0000000017f60000)]
  0x000000001693e000 JavaThread "pool-1-thread-2" [_thread_blocked, id=6364, stack(0x00000000178d0000,0x00000000179d0000)]
  0x000000001693c000 JavaThread "pool-2-thread-1" [_thread_blocked, id=6628, stack(0x0000000017ba0000,0x0000000017ca0000)]
  0x000000001693a000 JavaThread "pool-1-thread-1" [_thread_blocked, id=5364, stack(0x0000000017a60000,0x0000000017b60000)]
  0x000000001662d800 JavaThread "Service Thread" daemon [_thread_blocked, id=5252, stack(0x0000000016fb0000,0x00000000170b0000)]
  0x0000000016612000 JavaThread "C1 CompilerThread2" daemon [_thread_blocked, id=5928, stack(0x0000000016b90000,0x0000000016c90000)]
  0x0000000016611800 JavaThread "C2 CompilerThread1" daemon [_thread_blocked, id=6660, stack(0x0000000016120000,0x0000000016220000)]
=>0x00000000165c6000 JavaThread "C2 CompilerThread0" daemon [_thread_in_native, id=1916, stack(0x0000000016cf0000,0x0000000016df0000)]
  0x00000000165c3000 JavaThread "Attach Listener" daemon [_thread_blocked, id=6240, stack(0x00000000163c0000,0x00000000164c0000)]
  0x00000000165c2800 JavaThread "Signal Dispatcher" daemon [_thread_blocked, id=6056, stack(0x0000000016a80000,0x0000000016b80000)]
  0x00000000150ca000 JavaThread "Finalizer" daemon [_thread_blocked, id=1932, stack(0x00000000164c0000,0x00000000165c0000)]
  0x0000000015083000 JavaThread "Reference Handler" daemon [_thread_blocked, id=732, stack(0x0000000016240000,0x0000000016340000)]
  0x000000000037f000 JavaThread "main" [_thread_blocked, id=6464, stack(0x00000000022f0000,0x00000000023f0000)]

Other Threads:
  0x000000001507b800 VMThread [stack: 0x0000000015ff0000,0x00000000160f0000] [id=5920]
  0x000000001664c800 WatcherThread [stack: 0x0000000016e70000,0x0000000016f70000] [id=7036]

VM state:not at safepoint (normal execution)

VM Mutex/Monitor currently owned by a thread: None

Heap:
 PSYoungGen      total 71680K, used 40169K [0x00000000eab00000, 0x00000000ef600000, 0x0000000100000000)
  eden space 66560K, 52% used [0x00000000eab00000,0x00000000ecd3f290,0x00000000eec00000)
  from space 5120K, 99% used [0x00000000ef100000,0x00000000ef5fb218,0x00000000ef600000)
  to   space 5120K, 0% used [0x00000000eec00000,0x00000000eec00000,0x00000000ef100000)
 ParOldGen       total 87552K, used 2854K [0x00000000c0000000, 0x00000000c5580000, 0x00000000eab00000)
  object space 87552K, 3% used [0x00000000c0000000,0x00000000c02c9b40,0x00000000c5580000)
 Metaspace       used 6213K, capacity 7094K, committed 7296K, reserved 1056768K
  class space    used 608K, capacity 622K, committed 640K, reserved 1048576K

Card table byte_map: [0x0000000011a80000,0x0000000011c90000] byte_map_base: 0x0000000011480000

Marking Bits: (ParMarkBitMap*) 0x0000000054fa0600
 Begin Bits: [0x00000000124f0000, 0x00000000134f0000)
 End Bits:   [0x00000000134f0000, 0x00000000144f0000)

Polling page: 0x0000000000330000

CodeCache: size=245760Kb used=6792Kb max_used=6839Kb free=238967Kb
 bounds [0x00000000026c0000, 0x0000000002d80000, 0x00000000116c0000]
 total_blobs=1876 nmethods=1607 adapters=182
 compilation: enabled

Compilation events (10 events):
Event: 6.980 Thread 0x0000000016611800 1575       4       com.android.dx.rop.cst.CstFieldRef::compareTo0 (43 bytes)
Event: 6.984 Thread 0x0000000016611800 nmethod 1575 0x0000000002d39450 code [0x0000000002d395c0, 0x0000000002d39a18]
Event: 7.066 Thread 0x00000000165c6000 nmethod 1504 0x0000000002d61fd0 code [0x0000000002d62a00, 0x0000000002d6e7e8]
Event: 7.253 Thread 0x0000000016612000 1640       3       java.util.concurrent.locks.ReentrantLock$Sync::tryRelease (45 bytes)
Event: 7.253 Thread 0x0000000016611800 1641       4       com.android.dx.cf.direct.DirectClassFile::parseToInterfacesIfNecessary (13 bytes)
Event: 7.253 Thread 0x0000000016612000 nmethod 1640 0x0000000002d42a50 code [0x0000000002d42be0, 0x0000000002d43168]
Event: 7.253 Thread 0x0000000016611800 nmethod 1641 0x0000000002d3a250 code [0x0000000002d3a3a0, 0x0000000002d3a428]
Event: 7.476 Thread 0x00000000165c6000 1642       4       com.android.dx.ssa.SCCP::simulateStmt (481 bytes)
Event: 7.477 Thread 0x0000000016611800 1643       4       com.android.dx.ssa.SCCP::setLatticeValueTo (67 bytes)
Event: 7.480 Thread 0x0000000016611800 nmethod 1643 0x0000000002d38ed0 code [0x0000000002d39020, 0x0000000002d39218]

GC Heap History (4 events):
Event: 2.216 GC heap before
{Heap before GC invocations=1 (full 0):
 PSYoungGen      total 38400K, used 33280K [0x00000000eab00000, 0x00000000ed580000, 0x0000000100000000)
  eden space 33280K, 100% used [0x00000000eab00000,0x00000000ecb80000,0x00000000ecb80000)
  from space 5120K, 0% used [0x00000000ed080000,0x00000000ed080000,0x00000000ed580000)
  to   space 5120K, 0% used [0x00000000ecb80000,0x00000000ecb80000,0x00000000ed080000)
 ParOldGen       total 87552K, used 0K [0x00000000c0000000, 0x00000000c5580000, 0x00000000eab00000)
  object space 87552K, 0% used [0x00000000c0000000,0x00000000c0000000,0x00000000c5580000)
 Metaspace       used 5800K, capacity 6708K, committed 6784K, reserved 1056768K
  class space    used 605K, capacity 620K, committed 640K, reserved 1048576K
Event: 2.537 GC heap after
Heap after GC invocations=1 (full 0):
 PSYoungGen      total 38400K, used 5095K [0x00000000eab00000, 0x00000000ef600000, 0x0000000100000000)
  eden space 33280K, 0% used [0x00000000eab00000,0x00000000eab00000,0x00000000ecb80000)
  from space 5120K, 99% used [0x00000000ecb80000,0x00000000ed079c10,0x00000000ed080000)
  to   space 5120K, 0% used [0x00000000ef100000,0x00000000ef100000,0x00000000ef600000)
 ParOldGen       total 87552K, used 130K [0x00000000c0000000, 0x00000000c5580000, 0x00000000eab00000)
  object space 87552K, 0% used [0x00000000c0000000,0x00000000c0020920,0x00000000c5580000)
 Metaspace       used 5800K, capacity 6708K, committed 6784K, reserved 1056768K
  class space    used 605K, capacity 620K, committed 640K, reserved 1048576K
}
Event: 4.344 GC heap before
{Heap before GC invocations=2 (full 0):
 PSYoungGen      total 38400K, used 38375K [0x00000000eab00000, 0x00000000ef600000, 0x0000000100000000)
  eden space 33280K, 100% used [0x00000000eab00000,0x00000000ecb80000,0x00000000ecb80000)
  from space 5120K, 99% used [0x00000000ecb80000,0x00000000ed079c10,0x00000000ed080000)
  to   space 5120K, 0% used [0x00000000ef100000,0x00000000ef100000,0x00000000ef600000)
 ParOldGen       total 87552K, used 130K [0x00000000c0000000, 0x00000000c5580000, 0x00000000eab00000)
  object space 87552K, 0% used [0x00000000c0000000,0x00000000c0020920,0x00000000c5580000)
 Metaspace       used 6154K, capacity 7030K, committed 7296K, reserved 1056768K
  class space    used 608K, capacity 622K, committed 640K, reserved 1048576K
Event: 5.293 GC heap after
Heap after GC invocations=2 (full 0):
 PSYoungGen      total 71680K, used 5100K [0x00000000eab00000, 0x00000000ef600000, 0x0000000100000000)
  eden space 66560K, 0% used [0x00000000eab00000,0x00000000eab00000,0x00000000eec00000)
  from space 5120K, 99% used [0x00000000ef100000,0x00000000ef5fb218,0x00000000ef600000)
  to   space 5120K, 0% used [0x00000000eec00000,0x00000000eec00000,0x00000000ef100000)
 ParOldGen       total 87552K, used 2854K [0x00000000c0000000, 0x00000000c5580000, 0x00000000eab00000)
  object space 87552K, 3% used [0x00000000c0000000,0x00000000c02c9b40,0x00000000c5580000)
 Metaspace       used 6154K, capacity 7030K, committed 7296K, reserved 1056768K
  class space    used 608K, capacity 622K, committed 640K, reserved 1048576K
}

Deoptimization events (10 events):
Event: 3.365 Thread 0x000000000037f000 Uncommon trap: reason=unstable_if action=reinterpret pc=0x0000000002a7f984 method=com.android.dx.util.LabeledList.set(ILcom/android/dx/util/LabeledItem;)V @ 16
Event: 3.875 Thread 0x000000001687f800 Uncommon trap: reason=unstable_if action=reinterpret pc=0x0000000002a61228 method=com.android.dx.cf.code.Ropper.labelToResultIndex(I)I @ 34
Event: 5.347 Thread 0x000000001687f800 Uncommon trap: reason=unstable_if action=reinterpret pc=0x0000000002a0ad6c method=com.android.dx.util.IntList.binarysearch(I)I @ 105
Event: 5.350 Thread 0x000000001687f800 Uncommon trap: reason=unstable_if action=reinterpret pc=0x0000000002b22b70 method=com.android.dx.ssa.SCCP.simulateStmt(Lcom/android/dx/ssa/SsaInsn;)V @ 59
Event: 6.381 Thread 0x000000000037f000 Uncommon trap: reason=unstable_if action=reinterpret pc=0x0000000002d0cae8 method=com.android.dx.rop.cst.StdConstantPool.set(ILcom/android/dx/rop/cst/Constant;)V @ 12
Event: 6.478 Thread 0x000000001687f800 Uncommon trap: reason=unstable_if action=reinterpret pc=0x0000000002c0fcd0 method=com.android.dx.ssa.InterferenceRegisterMapper.interferes(III)Z @ 35
Event: 6.505 Thread 0x000000001687f800 Uncommon trap: reason=unstable_if action=reinterpret pc=0x0000000002c1e064 method=com.android.dx.ssa.SsaRenamer$BlockRenamer.process()V @ 90
Event: 6.603 Thread 0x000000001687f800 Uncommon trap: reason=unstable_if action=reinterpret pc=0x000000000294ad84 method=com.android.dx.rop.code.RegisterSpec.equals(ILcom/android/dx/rop/type/TypeBearer;Lcom/android/dx/rop/code/LocalItem;)Z @ 42
Event: 6.620 Thread 0x000000001687f800 Uncommon trap: reason=bimorphic action=maybe_recompile pc=0x0000000002caee50 method=com.android.dx.cf.code.BytecodeArray.parseInstruction(ILcom/android/dx/cf/code/BytecodeArray$Visitor;)I @ 1501
Event: 6.622 Thread 0x000000001687f800 Uncommon trap: reason=bimorphic action=maybe_recompile pc=0x0000000002caee50 method=com.android.dx.cf.code.BytecodeArray.parseInstruction(ILcom/android/dx/cf/code/BytecodeArray$Visitor;)I @ 1501

Internal exceptions (4 events):
Event: 0.074 Thread 0x000000000037f000 Exception <a 'java/lang/NoSuchMethodError': Method sun.misc.Unsafe.defineClass(Ljava/lang/String;[BII)Ljava/lang/Class; name or signature does not match> (0x00000000eab07cc0) thrown at [C:\re\workspace\8-2-build-windows-amd64-cygwin\jdk8u74\6087\hotspot\sr¼NÇ6ß²?
Event: 0.074 Thread 0x000000000037f000 Exception <a 'java/lang/NoSuchMethodError': Method sun.misc.Unsafe.prefetchRead(Ljava/lang/Object;J)V name or signature does not match> (0x00000000eab07fa8) thrown at [C:\re\workspace\8-2-build-windows-amd64-cygwin\jdk8u74\6087\hotspot\src\share\vm\prims\jÃñÍè@
Event: 3.113 Thread 0x000000001693e000 Implicit null exception at 0x000000000295a390 to 0x000000000295c6d9
Event: 3.113 Thread 0x000000001693e000 Implicit null exception at 0x000000000294e15d to 0x000000000294feb1

Events (10 events):
Event: 6.505 Thread 0x000000001687f800 DEOPT UNPACKING pc=0x000000000270582a sp=0x0000000017f5ea20 mode 2
Event: 6.603 Thread 0x000000001687f800 Uncommon trap: trap_request=0xffffff65 fr.pc=0x000000000294ad84
Event: 6.603 Thread 0x000000001687f800 DEOPT PACKING pc=0x000000000294ad84 sp=0x0000000017f5ea10
Event: 6.603 Thread 0x000000001687f800 DEOPT UNPACKING pc=0x000000000270582a sp=0x0000000017f5e998 mode 2
Event: 6.620 Thread 0x000000001687f800 Uncommon trap: trap_request=0xffffffc6 fr.pc=0x0000000002caee50
Event: 6.620 Thread 0x000000001687f800 DEOPT PACKING pc=0x0000000002caee50 sp=0x0000000017f5e9c0
Event: 6.620 Thread 0x000000001687f800 DEOPT UNPACKING pc=0x000000000270582a sp=0x0000000017f5e960 mode 2
Event: 6.622 Thread 0x000000001687f800 Uncommon trap: trap_request=0xffffffc6 fr.pc=0x0000000002caee50
Event: 6.622 Thread 0x000000001687f800 DEOPT PACKING pc=0x0000000002caee50 sp=0x0000000017f5e770
Event: 6.622 Thread 0x000000001687f800 DEOPT UNPACKING pc=0x000000000270582a sp=0x0000000017f5e710 mode 2


Dynamic libraries:
0x000000013fa00000 - 0x000000013fa37000 	C:\Program Files\Java\jdk1.8.0_74\bin\java.exe
0x00000000777b0000 - 0x0000000077959000 	C:\Windows\SYSTEM32\ntdll.dll
0x0000000077590000 - 0x00000000776af000 	C:\Windows\system32\kernel32.dll
0x000007fefd7f0000 - 0x000007fefd85b000 	C:\Windows\system32\KERNELBASE.dll
0x000007fefecd0000 - 0x000007fefedab000 	C:\Windows\system32\ADVAPI32.dll
0x000007feffa20000 - 0x000007feffabf000 	C:\Windows\system32\msvcrt.dll
0x000007fefe8e0000 - 0x000007fefe8ff000 	C:\Windows\SYSTEM32\sechost.dll
0x000007fefeba0000 - 0x000007fefeccd000 	C:\Windows\system32\RPCRT4.dll
0x00000000776b0000 - 0x00000000777aa000 	C:\Windows\system32\USER32.dll
0x000007feff620000 - 0x000007feff687000 	C:\Windows\system32\GDI32.dll
0x000007fefea10000 - 0x000007fefea1e000 	C:\Windows\system32\LPK.dll
0x000007feff370000 - 0x000007feff439000 	C:\Windows\system32\USP10.dll
0x000007fefc1d0000 - 0x000007fefc3c4000 	C:\Windows\WinSxS\amd64_microsoft.windows.common-controls_6595b64144ccf1df_6.0.7601.17514_none_fa396087175ac9ac\COMCTL32.dll
0x000007feff9a0000 - 0x000007feffa11000 	C:\Windows\system32\SHLWAPI.dll
0x000007feff260000 - 0x000007feff28e000 	C:\Windows\system32\IMM32.DLL
0x000007fefefc0000 - 0x000007feff0c9000 	C:\Windows\system32\MSCTF.dll
0x0000000053630000 - 0x0000000053702000 	C:\Program Files\Java\jdk1.8.0_74\jre\bin\msvcr100.dll
0x0000000054790000 - 0x0000000055020000 	C:\Program Files\Java\jdk1.8.0_74\jre\bin\server\jvm.dll
0x000007fef3f20000 - 0x000007fef3f29000 	C:\Windows\system32\WSOCK32.dll
0x000007fefe9c0000 - 0x000007fefea0d000 	C:\Windows\system32\WS2_32.dll
0x000007feff8f0000 - 0x000007feff8f8000 	C:\Windows\system32\NSI.dll
0x000007fefb7c0000 - 0x000007fefb7fb000 	C:\Windows\system32\WINMM.dll
0x000007fefc860000 - 0x000007fefc86c000 	C:\Windows\system32\VERSION.dll
0x0000000077980000 - 0x0000000077987000 	C:\Windows\system32\PSAPI.DLL
0x000000006dd10000 - 0x000000006dd1f000 	C:\Program Files\Java\jdk1.8.0_74\jre\bin\verify.dll
0x0000000055710000 - 0x0000000055739000 	C:\Program Files\Java\jdk1.8.0_74\jre\bin\java.dll
0x0000000060b90000 - 0x0000000060ba6000 	C:\Program Files\Java\jdk1.8.0_74\jre\bin\zip.dll
0x000007fefdad0000 - 0x000007fefe858000 	C:\Windows\system32\SHELL32.dll
0x000007fefedb0000 - 0x000007fefefb3000 	C:\Windows\system32\ole32.dll
0x000007fefd700000 - 0x000007fefd70f000 	C:\Windows\system32\profapi.dll

VM Arguments:
jvm_args: -Djava.awt.headless=true -Xmx1024M -Dfile.encoding=windows-1254 -Duser.country=TR -Duser.language=tr -Duser.variant 
java_command: com.android.dx.command.Main --dex --num-threads=4 --output C:\Users\gL\AndroidStudioProjects\Week10\app\build\intermediates\pre-dexed\debug\com.android.support-support-v4-23.2.1_3c2a56b1159ce7e4070ca48990684f1977192bca.jar C:\Users\gL\AndroidStudioProjects\Week10\app\build\intermediates\exploded-aar\com.android.support\support-v4\23.2.1\jars\classes.jar
java_class_path (initial): C:\Users\gL\AppData\Local\Android\sdk\build-tools\23.0.3\lib\dx.jar
Launcher Type: SUN_STANDARD

Environment Variables:
JAVA_HOME=C:\Program Files\Java\jdk1.8.0_74
PATH=C:\ProgramData\Oracle\Java\javapath;C:\Program Files (x86)\Intel\iCLS Client\;C:\Program Files\Intel\iCLS Client\;C:\Windows\system32;C:\Windows;C:\Windows\System32\Wbem;C:\Windows\System32\WindowsPowerShell\v1.0\;C:\Program Files (x86)\Intel\OpenCL SDK\2.0\bin\x86;C:\Program Files (x86)\Intel\OpenCL SDK\2.0\bin\x64;C:\Program Files\Intel\Intel(R) Management Engine Components\DAL;C:\Program Files\Intel\Intel(R) Management Engine Components\IPT;C:\Program Files (x86)\Intel\Intel(R) Management Engine Components\DAL;C:\Program Files (x86)\Intel\Intel(R) Management Engine Components\IPT;C:\Program Files\MATLAB\R2014b\runtime\win64;C:\Program Files\MATLAB\R2014b\bin;C:\Program Files (x86)\Windows Kits\8.1\Windows Performance Toolkit\;C:\Program Files\Microsoft SQL Server\110\Tools\Binn\;C:\Program Files (x86)\Microsoft SDKs\TypeScript\1.0\;C:\Program Files\Microsoft SQL Server\120\Tools\Binn\;C:\Program Files\Java\jdk1.8.0_74\bin;C:\Program Files\JAI\SDK\bin;C:\Program Files\JAI\SDK\bin\Win32_i86;C:\Program Files\JAI\SDK\GenICam\bin\Win64_x64;C:\Program Files\JAI\SDK\GenICam\bin\Win32_i86;C:\Program Files\Common Files\XenICs\Runtime;C:\Program Files\Git\cmd;C:\Program Files\SlikSvn\bin;;D:\Ceemple\OpenCV4VS\bin
USERNAME=gL
OS=Windows_NT
PROCESSOR_IDENTIFIER=Intel64 Family 6 Model 58 Stepping 9, GenuineIntel



---------------  S Y S T E M  ---------------

OS: Windows 7 , 64 bit Build 7601 (6.1.7601.17514)

CPU:total 4 (2 cores per cpu, 2 threads per core) family 6 model 58 stepping 9, cmov, cx8, fxsr, mmx, sse, sse2, sse3, ssse3, sse4.1, sse4.2, popcnt, avx, aes, clmul, erms, ht, tsc, tscinvbit, tscinv

Memory: 4k page, physical 8282524k(694084k free), swap 8804968k(5756k free)

vm_info: Java HotSpot(TM) 64-Bit Server VM (25.74-b02) for windows-amd64 JRE (1.8.0_74-b02), built on Jan 29 2016 17:42:36 by "java_re" with MS VC++ 10.0 (VS2010)

time: Thu Apr 28 14:47:28 2016
elapsed time: 7 seconds (0d 0h 0m 7s)

