#
# A fatal error has been detected by the Java Runtime Environment:
#
#  EXCEPTION_STACK_OVERFLOW (0xc00000fd) at pc=0x00000000549a1c17, pid=6412, tid=3368
#
# JRE version: Java(TM) SE Runtime Environment (8.0_74-b02) (build 1.8.0_74-b02)
# Java VM: Java HotSpot(TM) 64-Bit Server VM (25.74-b02 mixed mode windows-amd64 compressed oops)
# Problematic frame:
# V  [jvm.dll+0x211c17]
#
# Failed to write core dump. Minidumps are not enabled by default on client versions of Windows
#
# If you would like to submit a bug report, please visit:
#   http://bugreport.java.com/bugreport/crash.jsp
#

---------------  T H R E A D  ---------------

Current thread (0x0000000016733000):  JavaThread "pool-3-thread-1" [_thread_in_vm, id=3368, stack(0x0000000017530000,0x0000000017630000)]

siginfo: ExceptionCode=0xc00000fd, ExceptionInformation=0x0000000000000001 0x00000000176290e0 

Registers:
RAX=0x00000000176290e0, RBX=0x0000000000000007, RCX=0x0000000000006000, RDX=0x0000000000000006
RSP=0x000000001762f0e0, RBP=0x0000000000000000, RSI=0x000000001762f0e0, RDI=0x0000000000000007
R8 =0x0000000000000006, R9 =0x000000001672f3a0, R10=0x000000001487d3f8, R11=0x000000001753a148
R12=0x000000001672f3a0, R13=0x0000000016733000, R14=0x000000001762f1a8, R15=0x000000001487d3f8
RIP=0x00000000549a1c17, EFLAGS=0x0000000000010202

Top of Stack: (sp=0x000000001762f0e0)
0x000000001762f0e0:   000000001665e180 0000000053684e7e
0x000000001762f0f0:   0000000016733000 000000001672f3a0
0x000000001762f100:   00000000ffffffff 00000000549a2b47
0x000000001762f110:   000000001762f210 000000001487d3f8
0x000000001762f120:   0000000016733000 000000005484f7a3
0x000000001762f130:   000000001762f170 0000000016733000
0x000000001762f140:   000000001762f200 0000000016733000
0x000000001762f150:   000000001487d3f8 0000000016733000
0x000000001762f160:   00000000028910c0 0000000016733000
0x000000001762f170:   000000001487d3f8 0000000016733000
0x000000001762f180:   000000001487d3f8 0000000016733000
0x000000001762f190:   0000000000000001 000000001487d3f8
0x000000001762f1a0:   0000000016733000 000000001665c090
0x000000001762f1b0:   0000000016733000 0000000054850c8d
0x000000001762f1c0:   000000001762f4c8 000000007fff69a0
0x000000001762f1d0:   000000007fff69a0 0000000000000000 

Instructions: (pc=0x00000000549a1c17)
0x00000000549a1bf7:   48 89 6c 24 30 33 ed 66 90 e8 4b 36 08 00 ff c3
0x00000000549a1c07:   48 63 c8 48 8b c6 48 0f af cf 48 ff c7 48 2b c1
0x00000000549a1c17:   89 28 48 63 c3 48 3b 05 6d aa 58 00 7e db 48 8b
0x00000000549a1c27:   6c 24 30 48 8b 5c 24 38 48 8b 74 24 40 48 83 c4 


Register to memory mapping:

RAX=0x00000000176290e0 is pointing into the stack for thread: 0x0000000016733000
RBX=0x0000000000000007 is an unknown value
RCX=0x0000000000006000 is an unknown value
RDX=0x0000000000000006 is an unknown value
RSP=0x000000001762f0e0 is pointing into the stack for thread: 0x0000000016733000
RBP=0x0000000000000000 is an unknown value
RSI=0x000000001762f0e0 is pointing into the stack for thread: 0x0000000016733000
RDI=0x0000000000000007 is an unknown value
R8 =0x0000000000000006 is an unknown value
R9 =0x000000001672f3a0 is an unknown value
R10={method} {0x000000001487d400} 'run' '()V' in 'java/lang/Thread'
R11=0x000000001753a148 is pointing into the stack for thread: 0x0000000016733000
R12=0x000000001672f3a0 is an unknown value
R13=0x0000000016733000 is a thread
R14=0x000000001762f1a8 is pointing into the stack for thread: 0x0000000016733000
R15={method} {0x000000001487d400} 'run' '()V' in 'java/lang/Thread'


Stack: [0x0000000017530000,0x0000000017630000],  sp=0x000000001762f0e0,  free space=1020k
Native frames: (J=compiled Java code, j=interpreted, Vv=VM code, C=native code)


---------------  P R O C E S S  ---------------

Java Threads: ( => current thread )
=>0x0000000016733000 JavaThread "pool-3-thread-1" [_thread_in_vm, id=3368, stack(0x0000000017530000,0x0000000017630000)]
  0x0000000016730000 JavaThread "pool-2-thread-1" [_thread_in_Java, id=4156, stack(0x0000000017320000,0x0000000017420000)]
  0x000000001663c000 JavaThread "Service Thread" daemon [_thread_blocked, id=7084, stack(0x00000000169f0000,0x0000000016af0000)]
  0x00000000165b9800 JavaThread "C1 CompilerThread2" daemon [_thread_blocked, id=4832, stack(0x0000000016f70000,0x0000000017070000)]
  0x00000000165b8800 JavaThread "C2 CompilerThread1" daemon [_thread_blocked, id=3548, stack(0x0000000016d80000,0x0000000016e80000)]
  0x00000000165b6000 JavaThread "C2 CompilerThread0" daemon [_thread_blocked, id=5576, stack(0x0000000016170000,0x0000000016270000)]
  0x00000000165b3000 JavaThread "Attach Listener" daemon [_thread_blocked, id=5808, stack(0x0000000016c30000,0x0000000016d30000)]
  0x00000000165b2800 JavaThread "Signal Dispatcher" daemon [_thread_blocked, id=4268, stack(0x0000000016b30000,0x0000000016c30000)]
  0x000000001522a000 JavaThread "Finalizer" daemon [_thread_blocked, id=2272, stack(0x00000000164b0000,0x00000000165b0000)]
  0x00000000151e3000 JavaThread "Reference Handler" daemon [_thread_blocked, id=5444, stack(0x00000000163a0000,0x00000000164a0000)]
  0x00000000020cf000 JavaThread "main" [_thread_blocked, id=6700, stack(0x00000000024b0000,0x00000000025b0000)]

Other Threads:
  0x00000000151db800 VMThread [stack: 0x0000000016280000,0x0000000016380000] [id=3492]
  0x0000000016659000 WatcherThread [stack: 0x0000000017170000,0x0000000017270000] [id=5360]

VM state:not at safepoint (normal execution)

VM Mutex/Monitor currently owned by a thread: None

Heap:
 PSYoungGen      total 38400K, used 5329K [0x00000000eab00000, 0x00000000ed580000, 0x0000000100000000)
  eden space 33280K, 16% used [0x00000000eab00000,0x00000000eb034498,0x00000000ecb80000)
  from space 5120K, 0% used [0x00000000ed080000,0x00000000ed080000,0x00000000ed580000)
  to   space 5120K, 0% used [0x00000000ecb80000,0x00000000ecb80000,0x00000000ed080000)
 ParOldGen       total 87552K, used 0K [0x00000000c0000000, 0x00000000c5580000, 0x00000000eab00000)
  object space 87552K, 0% used [0x00000000c0000000,0x00000000c0000000,0x00000000c5580000)
 Metaspace       used 4199K, capacity 5456K, committed 5760K, reserved 1056768K
  class space    used 475K, capacity 520K, committed 640K, reserved 1048576K

Card table byte_map: [0x0000000011c40000,0x0000000011e50000] byte_map_base: 0x0000000011640000

Marking Bits: (ParMarkBitMap*) 0x0000000054fa0600
 Begin Bits: [0x0000000012650000, 0x0000000013650000)
 End Bits:   [0x0000000013650000, 0x0000000014650000)

Polling page: 0x0000000000330000

CodeCache: size=245760Kb used=1390Kb max_used=1390Kb free=244369Kb
 bounds [0x0000000002880000, 0x0000000002af0000, 0x0000000011880000]
 total_blobs=428 nmethods=168 adapters=173
 compilation: enabled

Compilation events (10 events):
Event: 0.569 Thread 0x00000000165b9800  164       3       java.lang.CharacterDataLatin1::digit (91 bytes)
Event: 0.570 Thread 0x00000000165b9800 nmethod 164 0x00000000029d8f50 code [0x00000000029d90c0, 0x00000000029d9450]
Event: 0.576 Thread 0x00000000165b9800  165       3       java.lang.ref.SoftReference::get (29 bytes)
Event: 0.577 Thread 0x00000000165b9800 nmethod 165 0x00000000029d97d0 code [0x00000000029d9920, 0x00000000029d9b10]
Event: 0.597 Thread 0x00000000165b9800  167   !   3       java.util.zip.InflaterInputStream::read (138 bytes)
Event: 0.599 Thread 0x00000000165b9800 nmethod 167 0x00000000029d9b90 code [0x00000000029d9e00, 0x00000000029daec8]
Event: 0.599 Thread 0x00000000165b9800  166       1       java.lang.reflect.Field::getName (5 bytes)
Event: 0.599 Thread 0x00000000165b9800 nmethod 166 0x00000000029db7d0 code [0x00000000029db920, 0x00000000029dba30]
Event: 0.599 Thread 0x00000000165b9800  168       3       java.util.zip.InflaterInputStream::ensureOpen (18 bytes)
Event: 0.599 Thread 0x00000000165b9800 nmethod 168 0x00000000029dba90 code [0x00000000029dbc00, 0x00000000029dbe68]

GC Heap History (0 events):
No events

Deoptimization events (0 events):
No events

Internal exceptions (2 events):
Event: 0.177 Thread 0x00000000020cf000 Exception <a 'java/lang/NoSuchMethodError': Method sun.misc.Unsafe.defineClass(Ljava/lang/String;[BII)Ljava/lang/Class; name or signature does not match> (0x00000000eab07cc0) thrown at [C:\re\workspace\8-2-build-windows-amd64-cygwin\jdk8u74\6087\hotspot\sr=oV-9¥Æ?
Event: 0.177 Thread 0x00000000020cf000 Exception <a 'java/lang/NoSuchMethodError': Method sun.misc.Unsafe.prefetchRead(Ljava/lang/Object;J)V name or signature does not match> (0x00000000eab07fa8) thrown at [C:\re\workspace\8-2-build-windows-amd64-cygwin\jdk8u74\6087\hotspot\src\share\vm\prims\j

Events (10 events):
Event: 0.597 loading class com/android/dx/cf/code/LocalsArray
Event: 0.597 loading class com/android/dx/cf/code/LocalsArray done
Event: 0.597 loading class com/android/dx/cf/code/OneLocalsArray
Event: 0.597 loading class com/android/dx/cf/code/OneLocalsArray done
Event: 0.598 loading class com/android/dx/cf/code/LocalsArraySet
Event: 0.598 loading class com/android/dx/cf/code/LocalsArraySet done
Event: 0.599 loading class com/android/dx/cf/code/ExecutionStack
Event: 0.599 loading class com/android/dx/cf/code/ExecutionStack done
Event: 0.600 loading class com/android/dx/cf/code/Ropper$ExceptionSetupLabelAllocator
Event: 0.600 loading class com/android/dx/cf/code/Ropper$ExceptionSetupLabelAllocator done


Dynamic libraries:
0x000000013fa00000 - 0x000000013fa37000 	C:\Program Files\Java\jdk1.8.0_74\bin\java.exe
0x00000000777b0000 - 0x0000000077959000 	C:\Windows\SYSTEM32\ntdll.dll
0x0000000077590000 - 0x00000000776af000 	C:\Windows\system32\kernel32.dll
0x000007fefd7f0000 - 0x000007fefd85b000 	C:\Windows\system32\KERNELBASE.dll
0x000007fefecd0000 - 0x000007fefedab000 	C:\Windows\system32\ADVAPI32.dll
0x000007feffa20000 - 0x000007feffabf000 	C:\Windows\system32\msvcrt.dll
0x000007fefe8e0000 - 0x000007fefe8ff000 	C:\Windows\SYSTEM32\sechost.dll
0x000007fefeba0000 - 0x000007fefeccd000 	C:\Windows\system32\RPCRT4.dll
0x00000000776b0000 - 0x00000000777aa000 	C:\Windows\system32\USER32.dll
0x000007feff620000 - 0x000007feff687000 	C:\Windows\system32\GDI32.dll
0x000007fefea10000 - 0x000007fefea1e000 	C:\Windows\system32\LPK.dll
0x000007feff370000 - 0x000007feff439000 	C:\Windows\system32\USP10.dll
0x000007fefc1d0000 - 0x000007fefc3c4000 	C:\Windows\WinSxS\amd64_microsoft.windows.common-controls_6595b64144ccf1df_6.0.7601.17514_none_fa396087175ac9ac\COMCTL32.dll
0x000007feff9a0000 - 0x000007feffa11000 	C:\Windows\system32\SHLWAPI.dll
0x000007feff260000 - 0x000007feff28e000 	C:\Windows\system32\IMM32.DLL
0x000007fefefc0000 - 0x000007feff0c9000 	C:\Windows\system32\MSCTF.dll
0x0000000053630000 - 0x0000000053702000 	C:\Program Files\Java\jdk1.8.0_74\jre\bin\msvcr100.dll
0x0000000054790000 - 0x0000000055020000 	C:\Program Files\Java\jdk1.8.0_74\jre\bin\server\jvm.dll
0x000007fef3f20000 - 0x000007fef3f29000 	C:\Windows\system32\WSOCK32.dll
0x000007fefe9c0000 - 0x000007fefea0d000 	C:\Windows\system32\WS2_32.dll
0x000007feff8f0000 - 0x000007feff8f8000 	C:\Windows\system32\NSI.dll
0x000007fefb7c0000 - 0x000007fefb7fb000 	C:\Windows\system32\WINMM.dll
0x000007fefc860000 - 0x000007fefc86c000 	C:\Windows\system32\VERSION.dll
0x0000000077980000 - 0x0000000077987000 	C:\Windows\system32\PSAPI.DLL
0x000000006dd10000 - 0x000000006dd1f000 	C:\Program Files\Java\jdk1.8.0_74\jre\bin\verify.dll
0x0000000055710000 - 0x0000000055739000 	C:\Program Files\Java\jdk1.8.0_74\jre\bin\java.dll
0x0000000060b90000 - 0x0000000060ba6000 	C:\Program Files\Java\jdk1.8.0_74\jre\bin\zip.dll
0x000007fefdad0000 - 0x000007fefe858000 	C:\Windows\system32\SHELL32.dll
0x000007fefedb0000 - 0x000007fefefb3000 	C:\Windows\system32\ole32.dll
0x000007fefd700000 - 0x000007fefd70f000 	C:\Windows\system32\profapi.dll

VM Arguments:
jvm_args: -Djava.awt.headless=true -Xmx1024M -Dfile.encoding=windows-1254 -Duser.country=TR -Duser.language=tr -Duser.variant 
java_command: com.android.dx.command.Main --dex --force-jumbo --num-threads=4 --multi-dex --output C:\Users\gL\AndroidStudioProjects\Week10\app\build\intermediates\transforms\dex\debug\folders\1000\10\instant-run-bootstrap_38b708fdaadc27ec06b61cb4588632609af1ed02 C:\Users\gL\AndroidStudioProjects\Week10\app\build\intermediates\incremental-classes\debug\instant-run-bootstrap.jar
java_class_path (initial): C:\Users\gL\AppData\Local\Android\sdk\build-tools\23.0.3\lib\dx.jar
Launcher Type: SUN_STANDARD

Environment Variables:
JAVA_HOME=C:\Program Files\Java\jdk1.8.0_74
PATH=C:\ProgramData\Oracle\Java\javapath;C:\Program Files (x86)\Intel\iCLS Client\;C:\Program Files\Intel\iCLS Client\;C:\Windows\system32;C:\Windows;C:\Windows\System32\Wbem;C:\Windows\System32\WindowsPowerShell\v1.0\;C:\Program Files (x86)\Intel\OpenCL SDK\2.0\bin\x86;C:\Program Files (x86)\Intel\OpenCL SDK\2.0\bin\x64;C:\Program Files\Intel\Intel(R) Management Engine Components\DAL;C:\Program Files\Intel\Intel(R) Management Engine Components\IPT;C:\Program Files (x86)\Intel\Intel(R) Management Engine Components\DAL;C:\Program Files (x86)\Intel\Intel(R) Management Engine Components\IPT;C:\Program Files\MATLAB\R2014b\runtime\win64;C:\Program Files\MATLAB\R2014b\bin;C:\Program Files (x86)\Windows Kits\8.1\Windows Performance Toolkit\;C:\Program Files\Microsoft SQL Server\110\Tools\Binn\;C:\Program Files (x86)\Microsoft SDKs\TypeScript\1.0\;C:\Program Files\Microsoft SQL Server\120\Tools\Binn\;C:\Program Files\Java\jdk1.8.0_74\bin;C:\Program Files\JAI\SDK\bin;C:\Program Files\JAI\SDK\bin\Win32_i86;C:\Program Files\JAI\SDK\GenICam\bin\Win64_x64;C:\Program Files\JAI\SDK\GenICam\bin\Win32_i86;C:\Program Files\Common Files\XenICs\Runtime;C:\Program Files\Git\cmd;C:\Program Files\SlikSvn\bin;;D:\Ceemple\OpenCV4VS\bin
USERNAME=gL
OS=Windows_NT
PROCESSOR_IDENTIFIER=Intel64 Family 6 Model 58 Stepping 9, GenuineIntel



---------------  S Y S T E M  ---------------

OS: Windows 7 , 64 bit Build 7601 (6.1.7601.17514)

CPU:total 4 (2 cores per cpu, 2 threads per core) family 6 model 58 stepping 9, cmov, cx8, fxsr, mmx, sse, sse2, sse3, ssse3, sse4.1, sse4.2, popcnt, avx, aes, clmul, erms, ht, tsc, tscinvbit, tscinv

Memory: 4k page, physical 8282524k(726964k free), swap 8804968k(5052k free)

vm_info: Java HotSpot(TM) 64-Bit Server VM (25.74-b02) for windows-amd64 JRE (1.8.0_74-b02), built on Jan 29 2016 17:42:36 by "java_re" with MS VC++ 10.0 (VS2010)

time: Thu Apr 28 14:23:47 2016
elapsed time: 0 seconds (0d 0h 0m 0s)

