#
# There is insufficient memory for the Java Runtime Environment to continue.
# Native memory allocation (malloc) failed to allocate 32744 bytes for ChunkPool::allocate
# Possible reasons:
#   The system is out of physical RAM or swap space
#   In 32 bit mode, the process size limit was hit
# Possible solutions:
#   Reduce memory load on the system
#   Increase physical memory or swap space
#   Check if swap backing store is full
#   Use 64 bit Java on a 64 bit OS
#   Decrease Java heap size (-Xmx/-Xms)
#   Decrease number of Java threads
#   Decrease Java thread stack sizes (-Xss)
#   Set larger code cache with -XX:ReservedCodeCacheSize=
# This output file may be truncated or incomplete.
#
#  Out of Memory Error (allocation.cpp:273), pid=2252, tid=5520
#
# JRE version: Java(TM) SE Runtime Environment (8.0_74-b02) (build 1.8.0_74-b02)
# Java VM: Java HotSpot(TM) 64-Bit Server VM (25.74-b02 mixed mode windows-amd64 compressed oops)
# Failed to write core dump. Minidumps are not enabled by default on client versions of Windows
#

---------------  T H R E A D  ---------------

Current thread (0x000000001675a800):  JavaThread "C2 CompilerThread1" daemon [_thread_in_native, id=5520, stack(0x0000000016f00000,0x0000000017000000)]

Stack: [0x0000000016f00000,0x0000000017000000]
[error occurred during error reporting (printing stack bounds), id 0xc0000005]

Native frames: (J=compiled Java code, j=interpreted, Vv=VM code, C=native code)


Current CompileTask:
C2:   2382 1202       4       com.android.dx.ssa.SsaRenamer$BlockRenamer::process (191 bytes)


---------------  P R O C E S S  ---------------

Java Threads: ( => current thread )
  0x0000000016a21000 JavaThread "pool-2-thread-3" [_thread_in_Java, id=2512, stack(0x0000000017710000,0x0000000017810000)]
  0x00000000168ed800 JavaThread "pool-3-thread-1" [_thread_blocked, id=3868, stack(0x0000000012370000,0x0000000012470000)]
  0x00000000167bc000 JavaThread "Service Thread" daemon [_thread_blocked, id=5680, stack(0x0000000017240000,0x0000000017340000)]
  0x00000000167b8000 JavaThread "C1 CompilerThread2" daemon [_thread_blocked, id=2216, stack(0x0000000017140000,0x0000000017240000)]
=>0x000000001675a800 JavaThread "C2 CompilerThread1" daemon [_thread_in_native, id=5520, stack(0x0000000016f00000,0x0000000017000000)]
  0x0000000016758800 JavaThread "C2 CompilerThread0" daemon [_thread_in_native, id=3984, stack(0x0000000016da0000,0x0000000016ea0000)]
  0x0000000015166800 JavaThread "Attach Listener" daemon [_thread_blocked, id=2540, stack(0x00000000161e0000,0x00000000162e0000)]
  0x000000001675c800 JavaThread "Signal Dispatcher" daemon [_thread_blocked, id=5296, stack(0x0000000016c30000,0x0000000016d30000)]
  0x0000000015146800 JavaThread "Finalizer" daemon [_thread_blocked, id=2272, stack(0x0000000016650000,0x0000000016750000)]
  0x0000000015105000 JavaThread "Reference Handler" daemon [_thread_blocked, id=6084, stack(0x00000000164e0000,0x00000000165e0000)]
  0x000000000227f000 JavaThread "main" [_thread_blocked, id=4076, stack(0x0000000002530000,0x0000000002630000)]

Other Threads:
  0x00000000150fd800 VMThread [stack: 0x00000000162e0000,0x00000000163e0000] [id=6056]
  0x00000000167c9000 WatcherThread [stack: 0x0000000017440000,0x0000000017540000] [id=1524]

VM state:not at safepoint (normal execution)

VM Mutex/Monitor currently owned by a thread: None

Heap:
 PSYoungGen      total 38400K, used 9955K [0x00000000eab00000, 0x00000000ef600000, 0x0000000100000000)
  eden space 33280K, 14% used [0x00000000eab00000,0x00000000eafb8fa0,0x00000000ecb80000)
  from space 5120K, 99% used [0x00000000ecb80000,0x00000000ed07ff50,0x00000000ed080000)
  to   space 5120K, 0% used [0x00000000ef100000,0x00000000ef100000,0x00000000ef600000)
 ParOldGen       total 87552K, used 1102K [0x00000000c0000000, 0x00000000c5580000, 0x00000000eab00000)
  object space 87552K, 1% used [0x00000000c0000000,0x00000000c0113980,0x00000000c5580000)
 Metaspace       used 5992K, capacity 6902K, committed 7040K, reserved 1056768K
  class space    used 607K, capacity 622K, committed 640K, reserved 1048576K

Card table byte_map: [0x0000000011cc0000,0x0000000011ed0000] byte_map_base: 0x00000000116c0000

Marking Bits: (ParMarkBitMap*) 0x0000000054fa0600
 Begin Bits: [0x0000000012570000, 0x0000000013570000)
 End Bits:   [0x0000000013570000, 0x0000000014570000)

Polling page: 0x00000000001d0000

CodeCache: size=245760Kb used=4763Kb max_used=4775Kb free=240996Kb
 bounds [0x0000000002900000, 0x0000000002db0000, 0x0000000011900000]
 total_blobs=1462 nmethods=1193 adapters=182
 compilation: enabled

Compilation events (10 events):
Event: 2.346 Thread 0x000000001675a800 1197       4       java.util.ArrayList$SubList::<init> (46 bytes)
Event: 2.347 Thread 0x000000001675a800 nmethod 1197 0x0000000002da70d0 code [0x0000000002da7200, 0x0000000002da7298]
Event: 2.347 Thread 0x000000001675a800 1199       4       com.android.dx.rop.code.RegisterSpec::intersect (169 bytes)
Event: 2.347 Thread 0x00000000167b8000 nmethod 1198 0x0000000002da8ad0 code [0x0000000002da8e60, 0x0000000002dab278]
Event: 2.347 Thread 0x00000000167b8000 1201       3       com.android.dx.rop.cst.TypedConstant::getBasicFrameType (8 bytes)
Event: 2.347 Thread 0x00000000167b8000 nmethod 1201 0x0000000002da6bd0 code [0x0000000002da6d40, 0x0000000002da6ff8]
Event: 2.347 Thread 0x00000000167b8000 1200       3       com.android.dx.cf.code.Frame::mergeWith (80 bytes)
Event: 2.349 Thread 0x00000000167b8000 nmethod 1200 0x0000000002da7450 code [0x0000000002da7680, 0x0000000002da8628]
Event: 2.351 Thread 0x000000001675a800 nmethod 1199 0x0000000002da6510 code [0x0000000002da6680, 0x0000000002da6928]
Event: 2.373 Thread 0x000000001675a800 1202       4       com.android.dx.ssa.SsaRenamer$BlockRenamer::process (191 bytes)

GC Heap History (2 events):
Event: 1.911 GC heap before
{Heap before GC invocations=1 (full 0):
 PSYoungGen      total 38400K, used 33280K [0x00000000eab00000, 0x00000000ed580000, 0x0000000100000000)
  eden space 33280K, 100% used [0x00000000eab00000,0x00000000ecb80000,0x00000000ecb80000)
  from space 5120K, 0% used [0x00000000ed080000,0x00000000ed080000,0x00000000ed580000)
  to   space 5120K, 0% used [0x00000000ecb80000,0x00000000ecb80000,0x00000000ed080000)
 ParOldGen       total 87552K, used 0K [0x00000000c0000000, 0x00000000c5580000, 0x00000000eab00000)
  object space 87552K, 0% used [0x00000000c0000000,0x00000000c0000000,0x00000000c5580000)
 Metaspace       used 5971K, capacity 6902K, committed 7040K, reserved 1056768K
  class space    used 607K, capacity 622K, committed 640K, reserved 1048576K
Event: 1.947 GC heap after
Heap after GC invocations=1 (full 0):
 PSYoungGen      total 38400K, used 5119K [0x00000000eab00000, 0x00000000ef600000, 0x0000000100000000)
  eden space 33280K, 0% used [0x00000000eab00000,0x00000000eab00000,0x00000000ecb80000)
  from space 5120K, 99% used [0x00000000ecb80000,0x00000000ed07ff50,0x00000000ed080000)
  to   space 5120K, 0% used [0x00000000ef100000,0x00000000ef100000,0x00000000ef600000)
 ParOldGen       total 87552K, used 1102K [0x00000000c0000000, 0x00000000c5580000, 0x00000000eab00000)
  object space 87552K, 1% used [0x00000000c0000000,0x00000000c0113980,0x00000000c5580000)
 Metaspace       used 5971K, capacity 6902K, committed 7040K, reserved 1056768K
  class space    used 607K, capacity 622K, committed 640K, reserved 1048576K
}

Deoptimization events (10 events):
Event: 1.151 Thread 0x0000000016933000 Uncommon trap: reason=unstable_if action=reinterpret pc=0x0000000002b0c1a8 method=java.util.HashMap.getNode(ILjava/lang/Object;)Ljava/util/HashMap$Node; @ 62
Event: 1.252 Thread 0x0000000016a21000 Uncommon trap: reason=unstable_if action=reinterpret pc=0x0000000002ba2c04 method=com.android.dx.ssa.SsaRenamer$BlockRenamer.addMapping(ILcom/android/dx/rop/code/RegisterSpec;)V @ 120
Event: 1.262 Thread 0x0000000016933000 Uncommon trap: reason=unstable_if action=reinterpret pc=0x0000000002b8db44 method=com.android.dx.rop.cst.Constant.compareTo(Lcom/android/dx/rop/cst/Constant;)I @ 12
Event: 1.415 Thread 0x0000000016933000 Uncommon trap: reason=unstable_if action=reinterpret pc=0x0000000002b7621c method=com.android.dx.rop.code.RegisterSpecSet.put(Lcom/android/dx/rop/code/RegisterSpec;)V @ 77
Event: 1.415 Thread 0x0000000016933000 Uncommon trap: reason=unstable_if action=reinterpret pc=0x0000000002c48198 method=com.android.dx.rop.code.RegisterSpecSet.put(Lcom/android/dx/rop/code/RegisterSpec;)V @ 77
Event: 1.449 Thread 0x0000000016933000 Uncommon trap: reason=bimorphic action=maybe_recompile pc=0x0000000002b99f64 method=java.util.HashMap.getNode(ILjava/lang/Object;)Ljava/util/HashMap$Node; @ 126
Event: 1.559 Thread 0x0000000016a2d800 Uncommon trap: reason=unstable_if action=reinterpret pc=0x0000000002b78a64 method=java.util.BitSet.ensureCapacity(I)V @ 6
Event: 1.823 Thread 0x00000000168eb000 Uncommon trap: reason=bimorphic action=maybe_recompile pc=0x0000000002b99f64 method=java.util.HashMap.getNode(ILjava/lang/Object;)Ljava/util/HashMap$Node; @ 126
Event: 1.831 Thread 0x00000000168eb000 Uncommon trap: reason=null_check action=make_not_entrant pc=0x0000000002c45010 method=com.android.dx.rop.type.Type.equals(Ljava/lang/Object;)Z @ 8
Event: 1.963 Thread 0x0000000016933000 Uncommon trap: reason=unstable_if action=reinterpret pc=0x0000000002c46750 method=com.android.dx.rop.code.RegisterSpec.equals(ILcom/android/dx/rop/type/TypeBearer;Lcom/android/dx/rop/code/LocalItem;)Z @ 42

Internal exceptions (3 events):
Event: 0.128 Thread 0x000000000227f000 Exception <a 'java/lang/NoSuchMethodError': Method sun.misc.Unsafe.defineClass(Ljava/lang/String;[BII)Ljava/lang/Class; name or signature does not match> (0x00000000eab07cc0) thrown at [C:\re\workspace\8-2-build-windows-amd64-cygwin\jdk8u74\6087\hotspot\srz§,gÀ?
Event: 0.128 Thread 0x000000000227f000 Exception <a 'java/lang/NoSuchMethodError': Method sun.misc.Unsafe.prefetchRead(Ljava/lang/Object;J)V name or signature does not match> (0x00000000eab07fa8) thrown at [C:\re\workspace\8-2-build-windows-amd64-cygwin\jdk8u74\6087\hotspot\src\share\vm\prims\jÓ“j+ÚJý?
Event: 1.831 Thread 0x00000000168eb000 Implicit null exception at 0x0000000002c44f12 to 0x0000000002c45002

Events (10 events):
Event: 1.831 Thread 0x00000000168eb000 DEOPT PACKING pc=0x0000000002c45010 sp=0x00000000176bea00
Event: 1.831 Thread 0x00000000168eb000 DEOPT UNPACKING pc=0x000000000294582a sp=0x00000000176be988 mode 2
Event: 1.866 Executing VM operation: ParallelGCFailedAllocation
Event: 1.947 Executing VM operation: ParallelGCFailedAllocation done
Event: 1.963 Thread 0x0000000016933000 Uncommon trap: trap_request=0xffffff65 fr.pc=0x0000000002c46750
Event: 1.963 Thread 0x0000000016933000 DEOPT PACKING pc=0x0000000002c46750 sp=0x000000001226eaa0
Event: 1.963 Thread 0x0000000016933000 DEOPT UNPACKING pc=0x000000000294582a sp=0x000000001226ea28 mode 2
Event: 1.967 Thread 0x00000000168eb000 Thread exited: 0x00000000168eb000
Event: 1.985 Thread 0x0000000016933000 Thread exited: 0x0000000016933000
Event: 1.990 Thread 0x0000000016a2d800 Thread exited: 0x0000000016a2d800


Dynamic libraries:
0x000000013fa00000 - 0x000000013fa37000 	C:\Program Files\Java\jdk1.8.0_74\bin\java.exe
0x00000000777b0000 - 0x0000000077959000 	C:\Windows\SYSTEM32\ntdll.dll
0x0000000077590000 - 0x00000000776af000 	C:\Windows\system32\kernel32.dll
0x000007fefd7f0000 - 0x000007fefd85b000 	C:\Windows\system32\KERNELBASE.dll
0x000007fefecd0000 - 0x000007fefedab000 	C:\Windows\system32\ADVAPI32.dll
0x000007feffa20000 - 0x000007feffabf000 	C:\Windows\system32\msvcrt.dll
0x000007fefe8e0000 - 0x000007fefe8ff000 	C:\Windows\SYSTEM32\sechost.dll
0x000007fefeba0000 - 0x000007fefeccd000 	C:\Windows\system32\RPCRT4.dll
0x00000000776b0000 - 0x00000000777aa000 	C:\Windows\system32\USER32.dll
0x000007feff620000 - 0x000007feff687000 	C:\Windows\system32\GDI32.dll
0x000007fefea10000 - 0x000007fefea1e000 	C:\Windows\system32\LPK.dll
0x000007feff370000 - 0x000007feff439000 	C:\Windows\system32\USP10.dll
0x000007fefc1d0000 - 0x000007fefc3c4000 	C:\Windows\WinSxS\amd64_microsoft.windows.common-controls_6595b64144ccf1df_6.0.7601.17514_none_fa396087175ac9ac\COMCTL32.dll
0x000007feff9a0000 - 0x000007feffa11000 	C:\Windows\system32\SHLWAPI.dll
0x000007feff260000 - 0x000007feff28e000 	C:\Windows\system32\IMM32.DLL
0x000007fefefc0000 - 0x000007feff0c9000 	C:\Windows\system32\MSCTF.dll
0x0000000053630000 - 0x0000000053702000 	C:\Program Files\Java\jdk1.8.0_74\jre\bin\msvcr100.dll
0x0000000054790000 - 0x0000000055020000 	C:\Program Files\Java\jdk1.8.0_74\jre\bin\server\jvm.dll
0x000007fef3f20000 - 0x000007fef3f29000 	C:\Windows\system32\WSOCK32.dll
0x000007fefe9c0000 - 0x000007fefea0d000 	C:\Windows\system32\WS2_32.dll
0x000007feff8f0000 - 0x000007feff8f8000 	C:\Windows\system32\NSI.dll
0x000007fefb7c0000 - 0x000007fefb7fb000 	C:\Windows\system32\WINMM.dll
0x000007fefc860000 - 0x000007fefc86c000 	C:\Windows\system32\VERSION.dll
0x0000000077980000 - 0x0000000077987000 	C:\Windows\system32\PSAPI.DLL
0x000000006dd10000 - 0x000000006dd1f000 	C:\Program Files\Java\jdk1.8.0_74\jre\bin\verify.dll
0x0000000055710000 - 0x0000000055739000 	C:\Program Files\Java\jdk1.8.0_74\jre\bin\java.dll
0x0000000060b90000 - 0x0000000060ba6000 	C:\Program Files\Java\jdk1.8.0_74\jre\bin\zip.dll
0x000007fefdad0000 - 0x000007fefe858000 	C:\Windows\system32\SHELL32.dll
0x000007fefedb0000 - 0x000007fefefb3000 	C:\Windows\system32\ole32.dll
0x000007fefd700000 - 0x000007fefd70f000 	C:\Windows\system32\profapi.dll

VM Arguments:
jvm_args: -Djava.awt.headless=true -Xmx1024M -Dfile.encoding=windows-1254 -Duser.country=TR -Duser.language=tr -Duser.variant 
java_command: com.android.dx.command.Main --dex --force-jumbo --num-threads=4 --multi-dex --output C:\Users\gL\AndroidStudioProjects\Week10\app\build\intermediates\transforms\dex\debug\folders\1000\10\com.android.support-support-vector-drawable-23.2.1_f4399eab0e7dc77a858450667786004b6cd0c630 C:\Users\gL\AndroidStudioProjects\Week10\app\build\intermediates\exploded-aar\com.android.support\support-vector-drawable\23.2.1\jars\classes.jar
java_class_path (initial): C:\Users\gL\AppData\Local\Android\sdk\build-tools\23.0.3\lib\dx.jar
Launcher Type: SUN_STANDARD

Environment Variables:
JAVA_HOME=C:\Program Files\Java\jdk1.8.0_74
PATH=C:\ProgramData\Oracle\Java\javapath;C:\Program Files (x86)\Intel\iCLS Client\;C:\Program Files\Intel\iCLS Client\;C:\Windows\system32;C:\Windows;C:\Windows\System32\Wbem;C:\Windows\System32\WindowsPowerShell\v1.0\;C:\Program Files (x86)\Intel\OpenCL SDK\2.0\bin\x86;C:\Program Files (x86)\Intel\OpenCL SDK\2.0\bin\x64;C:\Program Files\Intel\Intel(R) Management Engine Components\DAL;C:\Program Files\Intel\Intel(R) Management Engine Components\IPT;C:\Program Files (x86)\Intel\Intel(R) Management Engine Components\DAL;C:\Program Files (x86)\Intel\Intel(R) Management Engine Components\IPT;C:\Program Files\MATLAB\R2014b\runtime\win64;C:\Program Files\MATLAB\R2014b\bin;C:\Program Files (x86)\Windows Kits\8.1\Windows Performance Toolkit\;C:\Program Files\Microsoft SQL Server\110\Tools\Binn\;C:\Program Files (x86)\Microsoft SDKs\TypeScript\1.0\;C:\Program Files\Microsoft SQL Server\120\Tools\Binn\;C:\Program Files\Java\jdk1.8.0_74\bin;C:\Program Files\JAI\SDK\bin;C:\Program Files\JAI\SDK\bin\Win32_i86;C:\Program Files\JAI\SDK\GenICam\bin\Win64_x64;C:\Program Files\JAI\SDK\GenICam\bin\Win32_i86;C:\Program Files\Common Files\XenICs\Runtime;C:\Program Files\Git\cmd;C:\Program Files\SlikSvn\bin;;D:\Ceemple\OpenCV4VS\bin
USERNAME=gL
OS=Windows_NT
PROCESSOR_IDENTIFIER=Intel64 Family 6 Model 58 Stepping 9, GenuineIntel



---------------  S Y S T E M  ---------------

OS: Windows 7 , 64 bit Build 7601 (6.1.7601.17514)

CPU:total 4 (2 cores per cpu, 2 threads per core) family 6 model 58 stepping 9, cmov, cx8, fxsr, mmx, sse, sse2, sse3, ssse3, sse4.1, sse4.2, popcnt, avx, aes, clmul, erms, ht, tsc, tscinvbit, tscinv

Memory: 4k page, physical 8282524k(693888k free), swap 8804968k(5092k free)

vm_info: Java HotSpot(TM) 64-Bit Server VM (25.74-b02) for windows-amd64 JRE (1.8.0_74-b02), built on Jan 29 2016 17:42:36 by "java_re" with MS VC++ 10.0 (VS2010)

time: Thu Apr 28 14:23:07 2016
elapsed time: 2 seconds (0d 0h 0m 2s)

