#
# There is insufficient memory for the Java Runtime Environment to continue.
# Native memory allocation (malloc) failed to allocate 1855056 bytes for Chunk::new
# Possible reasons:
#   The system is out of physical RAM or swap space
#   In 32 bit mode, the process size limit was hit
# Possible solutions:
#   Reduce memory load on the system
#   Increase physical memory or swap space
#   Check if swap backing store is full
#   Use 64 bit Java on a 64 bit OS
#   Decrease Java heap size (-Xmx/-Xms)
#   Decrease number of Java threads
#   Decrease Java thread stack sizes (-Xss)
#   Set larger code cache with -XX:ReservedCodeCacheSize=
# This output file may be truncated or incomplete.
#
#  Out of Memory Error (allocation.cpp:390), pid=2960, tid=2792
#
# JRE version: Java(TM) SE Runtime Environment (8.0_74-b02) (build 1.8.0_74-b02)
# Java VM: Java HotSpot(TM) 64-Bit Server VM (25.74-b02 mixed mode windows-amd64 compressed oops)
# Failed to write core dump. Minidumps are not enabled by default on client versions of Windows
#

---------------  T H R E A D  ---------------

Current thread (0x0000000016716800):  JavaThread "C2 CompilerThread0" daemon [_thread_in_native, id=2792, stack(0x0000000016da0000,0x0000000016ea0000)]

Stack: [0x0000000016da0000,0x0000000016ea0000]
[error occurred during error reporting (printing stack bounds), id 0xc0000005]

Native frames: (J=compiled Java code, j=interpreted, Vv=VM code, C=native code)


Current CompileTask:
C2:   2967 1418   !   4       com.android.dx.cf.cst.ConstantPoolParser::parse0 (731 bytes)


---------------  P R O C E S S  ---------------

Java Threads: ( => current thread )
  0x0000000016b02000 JavaThread "pool-2-thread-4" [_thread_blocked, id=7160, stack(0x00000000181f0000,0x00000000182f0000)]
  0x0000000016995800 JavaThread "pool-2-thread-3" [_thread_in_Java, id=6468, stack(0x0000000017fa0000,0x00000000180a0000)]
  0x0000000016995000 JavaThread "pool-2-thread-2" [_thread_blocked, id=5592, stack(0x0000000016c70000,0x0000000016d70000)]
  0x00000000169e8800 JavaThread "pool-3-thread-1" [_thread_blocked, id=5940, stack(0x0000000017c80000,0x0000000017d80000)]
  0x00000000169eb800 JavaThread "pool-2-thread-1" [_thread_blocked, id=732, stack(0x0000000017de0000,0x0000000017ee0000)]
  0x000000001677a000 JavaThread "Service Thread" daemon [_thread_blocked, id=5692, stack(0x0000000017260000,0x0000000017360000)]
  0x0000000016719800 JavaThread "C1 CompilerThread2" daemon [_thread_blocked, id=7100, stack(0x0000000017030000,0x0000000017130000)]
  0x0000000016718800 JavaThread "C2 CompilerThread1" daemon [_thread_in_native, id=3780, stack(0x0000000016f10000,0x0000000017010000)]
=>0x0000000016716800 JavaThread "C2 CompilerThread0" daemon [_thread_in_native, id=2792, stack(0x0000000016da0000,0x0000000016ea0000)]
  0x0000000016713000 JavaThread "Attach Listener" daemon [_thread_blocked, id=4992, stack(0x0000000016140000,0x0000000016240000)]
  0x0000000016712800 JavaThread "Signal Dispatcher" daemon [_thread_blocked, id=5124, stack(0x0000000016b60000,0x0000000016c60000)]
  0x00000000150ea000 JavaThread "Finalizer" daemon [_thread_blocked, id=5808, stack(0x0000000016610000,0x0000000016710000)]
  0x00000000150a3000 JavaThread "Reference Handler" daemon [_thread_blocked, id=5168, stack(0x0000000016480000,0x0000000016580000)]
  0x000000000044f000 JavaThread "main" [_thread_blocked, id=3216, stack(0x00000000024b0000,0x00000000025b0000)]

Other Threads:
  0x000000001509b800 VMThread [stack: 0x0000000016290000,0x0000000016390000] [id=4492]
  0x0000000016794000 WatcherThread [stack: 0x0000000017380000,0x0000000017480000] [id=5156]

VM state:not at safepoint (normal execution)

VM Mutex/Monitor currently owned by a thread: None

Heap:
 PSYoungGen      total 38400K, used 38380K [0x00000000eab00000, 0x00000000ef600000, 0x0000000100000000)
  eden space 33280K, 100% used [0x00000000eab00000,0x00000000ecb80000,0x00000000ecb80000)
  from space 5120K, 99% used [0x00000000ecb80000,0x00000000ed07b138,0x00000000ed080000)
  to   space 5120K, 0% used [0x00000000ef100000,0x00000000ef100000,0x00000000ef600000)
 ParOldGen       total 87552K, used 994K [0x00000000c0000000, 0x00000000c5580000, 0x00000000eab00000)
  object space 87552K, 1% used [0x00000000c0000000,0x00000000c00f8820,0x00000000c5580000)
 Metaspace       used 6222K, capacity 7094K, committed 7296K, reserved 1056768K
  class space    used 607K, capacity 622K, committed 640K, reserved 1048576K

Card table byte_map: [0x0000000011c40000,0x0000000011e50000] byte_map_base: 0x0000000011640000

Marking Bits: (ParMarkBitMap*) 0x0000000054fa0600
 Begin Bits: [0x0000000012510000, 0x0000000013510000)
 End Bits:   [0x0000000013510000, 0x0000000014510000)

Polling page: 0x0000000000430000

CodeCache: size=245760Kb used=6238Kb max_used=6238Kb free=239521Kb
 bounds [0x0000000002880000, 0x0000000002ea0000, 0x0000000011880000]
 total_blobs=1781 nmethods=1512 adapters=182
 compilation: enabled

Compilation events (10 events):
Event: 2.931 Thread 0x0000000016719800 1519       3       com.android.dx.cf.iface.StdMethodList::set (7 bytes)
Event: 2.932 Thread 0x0000000016719800 nmethod 1519 0x0000000002e8f5d0 code [0x0000000002e8f7a0, 0x0000000002e8ff68]
Event: 2.934 Thread 0x0000000016719800 1520       3       java.util.concurrent.locks.AbstractQueuedSynchronizer$ConditionObject::signal (33 bytes)
Event: 2.935 Thread 0x0000000016719800 nmethod 1520 0x0000000002e8ef90 code [0x0000000002e8f120, 0x0000000002e8f488]
Event: 2.935 Thread 0x0000000016719800 1521       3       java.util.concurrent.locks.ReentrantLock$Sync::isHeldExclusively (16 bytes)
Event: 2.935 Thread 0x0000000016719800 nmethod 1521 0x0000000002e9b550 code [0x0000000002e9b6c0, 0x0000000002e9b910]
Event: 2.939 Thread 0x0000000016719800 1523       3       com.android.dx.cf.code.LocalVariableList::<init> (6 bytes)
Event: 2.939 Thread 0x0000000016719800 nmethod 1523 0x0000000002e9b990 code [0x0000000002e9bb00, 0x0000000002e9bc88]
Event: 2.941 Thread 0x0000000016719800 1524       3       java.lang.String::<init> (15 bytes)
Event: 2.941 Thread 0x0000000016719800 nmethod 1524 0x0000000002e9bd10 code [0x0000000002e9bea0, 0x0000000002e9c288]

GC Heap History (2 events):
Event: 1.704 GC heap before
{Heap before GC invocations=1 (full 0):
 PSYoungGen      total 38400K, used 33280K [0x00000000eab00000, 0x00000000ed580000, 0x0000000100000000)
  eden space 33280K, 100% used [0x00000000eab00000,0x00000000ecb80000,0x00000000ecb80000)
  from space 5120K, 0% used [0x00000000ed080000,0x00000000ed080000,0x00000000ed580000)
  to   space 5120K, 0% used [0x00000000ecb80000,0x00000000ecb80000,0x00000000ed080000)
 ParOldGen       total 87552K, used 0K [0x00000000c0000000, 0x00000000c5580000, 0x00000000eab00000)
  object space 87552K, 0% used [0x00000000c0000000,0x00000000c0000000,0x00000000c5580000)
 Metaspace       used 5942K, capacity 6838K, committed 7040K, reserved 1056768K
  class space    used 606K, capacity 622K, committed 640K, reserved 1048576K
Event: 1.758 GC heap after
Heap after GC invocations=1 (full 0):
 PSYoungGen      total 38400K, used 5100K [0x00000000eab00000, 0x00000000ef600000, 0x0000000100000000)
  eden space 33280K, 0% used [0x00000000eab00000,0x00000000eab00000,0x00000000ecb80000)
  from space 5120K, 99% used [0x00000000ecb80000,0x00000000ed07b138,0x00000000ed080000)
  to   space 5120K, 0% used [0x00000000ef100000,0x00000000ef100000,0x00000000ef600000)
 ParOldGen       total 87552K, used 994K [0x00000000c0000000, 0x00000000c5580000, 0x00000000eab00000)
  object space 87552K, 1% used [0x00000000c0000000,0x00000000c00f8820,0x00000000c5580000)
 Metaspace       used 5942K, capacity 6838K, committed 7040K, reserved 1056768K
  class space    used 606K, capacity 622K, committed 640K, reserved 1048576K
}

Deoptimization events (8 events):
Event: 1.097 Thread 0x0000000016b02000 Uncommon trap: reason=bimorphic action=maybe_recompile pc=0x0000000002ae139c method=java.util.HashMap.getNode(ILjava/lang/Object;)Ljava/util/HashMap$Node; @ 126
Event: 1.228 Thread 0x0000000016b02000 Uncommon trap: reason=unstable_if action=reinterpret pc=0x0000000002ae1380 method=java.util.HashMap.getNode(ILjava/lang/Object;)Ljava/util/HashMap$Node; @ 129
Event: 1.578 Thread 0x0000000016995800 Uncommon trap: reason=null_check action=make_not_entrant pc=0x0000000002b648f0 method=com.android.dx.ssa.SsaRenamer.getLocalForNewReg(I)Lcom/android/dx/rop/code/LocalItem; @ 19
Event: 1.593 Thread 0x000000000044f000 Uncommon trap: reason=unstable_if action=reinterpret pc=0x0000000002c0c71c method=com.android.dx.rop.code.RegisterSpecSet.put(Lcom/android/dx/rop/code/RegisterSpec;)V @ 77
Event: 1.593 Thread 0x000000000044f000 Uncommon trap: reason=unstable_if action=reinterpret pc=0x0000000002c0de58 method=com.android.dx.rop.code.RegisterSpecSet.put(Lcom/android/dx/rop/code/RegisterSpec;)V @ 77
Event: 1.613 Thread 0x0000000016995000 Uncommon trap: reason=unstable_if action=reinterpret pc=0x0000000002b7b8d0 method=com.android.dx.rop.code.RegisterSpec.equals(ILcom/android/dx/rop/type/TypeBearer;Lcom/android/dx/rop/code/LocalItem;)Z @ 42
Event: 2.102 Thread 0x000000000044f000 Uncommon trap: reason=unstable_if action=reinterpret pc=0x0000000002c0c344 method=com.android.dx.rop.cst.Constant.compareTo(Lcom/android/dx/rop/cst/Constant;)I @ 12
Event: 2.853 Thread 0x00000000169eb800 Uncommon trap: reason=unstable_if action=reinterpret pc=0x0000000002da012c method=com.android.dx.ssa.SCCP.simulateBranch(Lcom/android/dx/ssa/SsaInsn;)V @ 64

Internal exceptions (3 events):
Event: 0.070 Thread 0x000000000044f000 Exception <a 'java/lang/NoSuchMethodError': Method sun.misc.Unsafe.defineClass(Ljava/lang/String;[BII)Ljava/lang/Class; name or signature does not match> (0x00000000eab07cc0) thrown at [C:\re\workspace\8-2-build-windows-amd64-cygwin\jdk8u74\6087\hotspot\sr“-|f
²?
Event: 0.070 Thread 0x000000000044f000 Exception <a 'java/lang/NoSuchMethodError': Method sun.misc.Unsafe.prefetchRead(Ljava/lang/Object;J)V name or signature does not match> (0x00000000eab07fa8) thrown at [C:\re\workspace\8-2-build-windows-amd64-cygwin\jdk8u74\6087\hotspot\src\share\vm\prims\jnèÛc@ù?
Event: 1.578 Thread 0x0000000016995800 Implicit null exception at 0x0000000002b62873 to 0x0000000002b648ad

Events (10 events):
Event: 2.102 Thread 0x000000000044f000 Uncommon trap: trap_request=0xffffff65 fr.pc=0x0000000002c0c344
Event: 2.102 Thread 0x000000000044f000 DEOPT PACKING pc=0x0000000002c0c344 sp=0x00000000025ae0d0
Event: 2.102 Thread 0x000000000044f000 DEOPT UNPACKING pc=0x00000000028c582a sp=0x00000000025ae070 mode 2
Event: 2.598 Executing VM operation: ForceSafepoint
Event: 2.598 Executing VM operation: ForceSafepoint done
Event: 2.836 loading class com/android/dx/cf/attrib/AttExceptions
Event: 2.836 loading class com/android/dx/cf/attrib/AttExceptions done
Event: 2.853 Thread 0x00000000169eb800 Uncommon trap: trap_request=0xffffff65 fr.pc=0x0000000002da012c
Event: 2.853 Thread 0x00000000169eb800 DEOPT PACKING pc=0x0000000002da012c sp=0x0000000017ede630
Event: 2.853 Thread 0x00000000169eb800 DEOPT UNPACKING pc=0x00000000028c582a sp=0x0000000017ede5f0 mode 2


Dynamic libraries:
0x000000013fa00000 - 0x000000013fa37000 	C:\Program Files\Java\jdk1.8.0_74\bin\java.exe
0x00000000777b0000 - 0x0000000077959000 	C:\Windows\SYSTEM32\ntdll.dll
0x0000000077590000 - 0x00000000776af000 	C:\Windows\system32\kernel32.dll
0x000007fefd7f0000 - 0x000007fefd85b000 	C:\Windows\system32\KERNELBASE.dll
0x000007fefecd0000 - 0x000007fefedab000 	C:\Windows\system32\ADVAPI32.dll
0x000007feffa20000 - 0x000007feffabf000 	C:\Windows\system32\msvcrt.dll
0x000007fefe8e0000 - 0x000007fefe8ff000 	C:\Windows\SYSTEM32\sechost.dll
0x000007fefeba0000 - 0x000007fefeccd000 	C:\Windows\system32\RPCRT4.dll
0x00000000776b0000 - 0x00000000777aa000 	C:\Windows\system32\USER32.dll
0x000007feff620000 - 0x000007feff687000 	C:\Windows\system32\GDI32.dll
0x000007fefea10000 - 0x000007fefea1e000 	C:\Windows\system32\LPK.dll
0x000007feff370000 - 0x000007feff439000 	C:\Windows\system32\USP10.dll
0x000007fefc1d0000 - 0x000007fefc3c4000 	C:\Windows\WinSxS\amd64_microsoft.windows.common-controls_6595b64144ccf1df_6.0.7601.17514_none_fa396087175ac9ac\COMCTL32.dll
0x000007feff9a0000 - 0x000007feffa11000 	C:\Windows\system32\SHLWAPI.dll
0x000007feff260000 - 0x000007feff28e000 	C:\Windows\system32\IMM32.DLL
0x000007fefefc0000 - 0x000007feff0c9000 	C:\Windows\system32\MSCTF.dll
0x0000000053630000 - 0x0000000053702000 	C:\Program Files\Java\jdk1.8.0_74\jre\bin\msvcr100.dll
0x0000000054790000 - 0x0000000055020000 	C:\Program Files\Java\jdk1.8.0_74\jre\bin\server\jvm.dll
0x000007fef3f20000 - 0x000007fef3f29000 	C:\Windows\system32\WSOCK32.dll
0x000007fefe9c0000 - 0x000007fefea0d000 	C:\Windows\system32\WS2_32.dll
0x000007feff8f0000 - 0x000007feff8f8000 	C:\Windows\system32\NSI.dll
0x000007fefb7c0000 - 0x000007fefb7fb000 	C:\Windows\system32\WINMM.dll
0x000007fefc860000 - 0x000007fefc86c000 	C:\Windows\system32\VERSION.dll
0x0000000077980000 - 0x0000000077987000 	C:\Windows\system32\PSAPI.DLL
0x000000006dd10000 - 0x000000006dd1f000 	C:\Program Files\Java\jdk1.8.0_74\jre\bin\verify.dll
0x0000000055710000 - 0x0000000055739000 	C:\Program Files\Java\jdk1.8.0_74\jre\bin\java.dll
0x0000000060b90000 - 0x0000000060ba6000 	C:\Program Files\Java\jdk1.8.0_74\jre\bin\zip.dll
0x000007fefdad0000 - 0x000007fefe858000 	C:\Windows\system32\SHELL32.dll
0x000007fefedb0000 - 0x000007fefefb3000 	C:\Windows\system32\ole32.dll
0x000007fefd700000 - 0x000007fefd70f000 	C:\Windows\system32\profapi.dll

VM Arguments:
jvm_args: -Djava.awt.headless=true -Xmx1024M -Dfile.encoding=windows-1254 -Duser.country=TR -Duser.language=tr -Duser.variant 
java_command: com.android.dx.command.Main --dex --force-jumbo --num-threads=4 --multi-dex --output C:\Users\gL\AndroidStudioProjects\Week10\app\build\intermediates\transforms\dex\debug\folders\1000\10\com.android.support-appcompat-v7-23.2.1_494924ea8d84ebc0082c75c3e45a928656f77fc8 C:\Users\gL\AndroidStudioProjects\Week10\app\build\intermediates\exploded-aar\com.android.support\appcompat-v7\23.2.1\jars\classes.jar
java_class_path (initial): C:\Users\gL\AppData\Local\Android\sdk\build-tools\23.0.3\lib\dx.jar
Launcher Type: SUN_STANDARD

Environment Variables:
JAVA_HOME=C:\Program Files\Java\jdk1.8.0_74
PATH=C:\ProgramData\Oracle\Java\javapath;C:\Program Files (x86)\Intel\iCLS Client\;C:\Program Files\Intel\iCLS Client\;C:\Windows\system32;C:\Windows;C:\Windows\System32\Wbem;C:\Windows\System32\WindowsPowerShell\v1.0\;C:\Program Files (x86)\Intel\OpenCL SDK\2.0\bin\x86;C:\Program Files (x86)\Intel\OpenCL SDK\2.0\bin\x64;C:\Program Files\Intel\Intel(R) Management Engine Components\DAL;C:\Program Files\Intel\Intel(R) Management Engine Components\IPT;C:\Program Files (x86)\Intel\Intel(R) Management Engine Components\DAL;C:\Program Files (x86)\Intel\Intel(R) Management Engine Components\IPT;C:\Program Files\MATLAB\R2014b\runtime\win64;C:\Program Files\MATLAB\R2014b\bin;C:\Program Files (x86)\Windows Kits\8.1\Windows Performance Toolkit\;C:\Program Files\Microsoft SQL Server\110\Tools\Binn\;C:\Program Files (x86)\Microsoft SDKs\TypeScript\1.0\;C:\Program Files\Microsoft SQL Server\120\Tools\Binn\;C:\Program Files\Java\jdk1.8.0_74\bin;C:\Program Files\JAI\SDK\bin;C:\Program Files\JAI\SDK\bin\Win32_i86;C:\Program Files\JAI\SDK\GenICam\bin\Win64_x64;C:\Program Files\JAI\SDK\GenICam\bin\Win32_i86;C:\Program Files\Common Files\XenICs\Runtime;C:\Program Files\Git\cmd;C:\Program Files\SlikSvn\bin;;D:\Ceemple\OpenCV4VS\bin
USERNAME=gL
OS=Windows_NT
PROCESSOR_IDENTIFIER=Intel64 Family 6 Model 58 Stepping 9, GenuineIntel



---------------  S Y S T E M  ---------------

OS: Windows 7 , 64 bit Build 7601 (6.1.7601.17514)

CPU:total 4 (2 cores per cpu, 2 threads per core) family 6 model 58 stepping 9, cmov, cx8, fxsr, mmx, sse, sse2, sse3, ssse3, sse4.1, sse4.2, popcnt, avx, aes, clmul, erms, ht, tsc, tscinvbit, tscinv

Memory: 4k page, physical 8282524k(724952k free), swap 8804968k(6780k free)

vm_info: Java HotSpot(TM) 64-Bit Server VM (25.74-b02) for windows-amd64 JRE (1.8.0_74-b02), built on Jan 29 2016 17:42:36 by "java_re" with MS VC++ 10.0 (VS2010)

time: Thu Apr 28 14:23:10 2016
elapsed time: 2 seconds (0d 0h 0m 2s)

