#
# There is insufficient memory for the Java Runtime Environment to continue.
# Native memory allocation (malloc) failed to allocate 131088 bytes for Chunk::new
# Possible reasons:
#   The system is out of physical RAM or swap space
#   In 32 bit mode, the process size limit was hit
# Possible solutions:
#   Reduce memory load on the system
#   Increase physical memory or swap space
#   Check if swap backing store is full
#   Use 64 bit Java on a 64 bit OS
#   Decrease Java heap size (-Xmx/-Xms)
#   Decrease number of Java threads
#   Decrease Java thread stack sizes (-Xss)
#   Set larger code cache with -XX:ReservedCodeCacheSize=
# This output file may be truncated or incomplete.
#
#  Out of Memory Error (allocation.cpp:390), pid=5816, tid=6388
#
# JRE version: Java(TM) SE Runtime Environment (8.0_74-b02) (build 1.8.0_74-b02)
# Java VM: Java HotSpot(TM) 64-Bit Server VM (25.74-b02 mixed mode windows-amd64 compressed oops)
# Failed to write core dump. Minidumps are not enabled by default on client versions of Windows
#

---------------  T H R E A D  ---------------

Current thread (0x0000000016396000):  JavaThread "C2 CompilerThread0" daemon [_thread_in_native, id=6388, stack(0x0000000016c30000,0x0000000016d30000)]

Stack: [0x0000000016c30000,0x0000000016d30000]
[error occurred during error reporting (printing stack bounds), id 0xc0000005]

Native frames: (J=compiled Java code, j=interpreted, Vv=VM code, C=native code)


Current CompileTask:
C2:  16646 1957       4       com.android.dx.ssa.SsaConverter::edgeSplitPredecessors (44 bytes)


---------------  P R O C E S S  ---------------

Java Threads: ( => current thread )
  0x0000000016655000 JavaThread "pool-1-thread-4" [_thread_blocked, id=6428, stack(0x0000000017ee0000,0x0000000017fe0000)]
  0x000000001664f800 JavaThread "pool-1-thread-3" [_thread_blocked, id=6800, stack(0x0000000017c90000,0x0000000017d90000)]
  0x0000000016671800 JavaThread "pool-1-thread-2" [_thread_blocked, id=6940, stack(0x0000000017a20000,0x0000000017b20000)]
  0x000000001666e800 JavaThread "pool-2-thread-1" [_thread_blocked, id=5580, stack(0x0000000017b30000,0x0000000017c30000)]
  0x000000001666e000 JavaThread "pool-1-thread-1" [_thread_blocked, id=4588, stack(0x0000000016d80000,0x0000000016e80000)]
  0x00000000163f8000 JavaThread "Service Thread" daemon [_thread_blocked, id=5616, stack(0x0000000016fb0000,0x00000000170b0000)]
  0x00000000163e0800 JavaThread "C1 CompilerThread2" daemon [_thread_blocked, id=6028, stack(0x0000000016ea0000,0x0000000016fa0000)]
  0x0000000016399000 JavaThread "C2 CompilerThread1" daemon [_thread_in_native, id=4684, stack(0x0000000016810000,0x0000000016910000)]
=>0x0000000016396000 JavaThread "C2 CompilerThread0" daemon [_thread_in_native, id=6388, stack(0x0000000016c30000,0x0000000016d30000)]
  0x0000000016393000 JavaThread "Attach Listener" daemon [_thread_blocked, id=6240, stack(0x0000000016aa0000,0x0000000016ba0000)]
  0x0000000016392800 JavaThread "Signal Dispatcher" daemon [_thread_blocked, id=6128, stack(0x0000000016920000,0x0000000016a20000)]
  0x000000001504a000 JavaThread "Finalizer" daemon [_thread_blocked, id=7036, stack(0x0000000016110000,0x0000000016210000)]
  0x0000000015003000 JavaThread "Reference Handler" daemon [_thread_blocked, id=5056, stack(0x0000000016290000,0x0000000016390000)]
  0x00000000022ef000 JavaThread "main" [_thread_in_Java, id=6464, stack(0x0000000002480000,0x0000000002580000)]

Other Threads:
  0x0000000014ffb800 VMThread [stack: 0x0000000016010000,0x0000000016110000] [id=5276]
  0x0000000016416000 WatcherThread [stack: 0x00000000170c0000,0x00000000171c0000] [id=3528]

VM state:not at safepoint (normal execution)

VM Mutex/Monitor currently owned by a thread: None

Heap:
 PSYoungGen      total 71680K, used 39067K [0x00000000eab00000, 0x00000000ef600000, 0x0000000100000000)
  eden space 66560K, 51% used [0x00000000eab00000,0x00000000ecc2ae40,0x00000000eec00000)
  from space 5120K, 99% used [0x00000000eec00000,0x00000000ef0fbf20,0x00000000ef100000)
  to   space 5120K, 0% used [0x00000000ef100000,0x00000000ef100000,0x00000000ef600000)
 ParOldGen       total 87552K, used 12816K [0x00000000c0000000, 0x00000000c5580000, 0x00000000eab00000)
  object space 87552K, 14% used [0x00000000c0000000,0x00000000c0c84070,0x00000000c5580000)
 Metaspace       used 6320K, capacity 7158K, committed 7296K, reserved 1056768K
  class space    used 610K, capacity 622K, committed 640K, reserved 1048576K

Card table byte_map: [0x0000000011c10000,0x0000000011e20000] byte_map_base: 0x0000000011610000

Marking Bits: (ParMarkBitMap*) 0x0000000054fa0600
 Begin Bits: [0x0000000012470000, 0x0000000013470000)
 End Bits:   [0x0000000013470000, 0x0000000014470000)

Polling page: 0x0000000000230000

CodeCache: size=245760Kb used=9401Kb max_used=9413Kb free=236358Kb
 bounds [0x0000000002850000, 0x0000000003190000, 0x0000000011850000]
 total_blobs=2185 nmethods=1915 adapters=182
 compilation: enabled

Compilation events (10 events):
Event: 16.537 Thread 0x0000000016399000 1956       4       com.android.dx.cf.code.Simulator$SimVisitor::visitConstant (332 bytes)
Event: 16.541 Thread 0x0000000016396000 1958       4       com.android.dx.ssa.SsaMethod::forEachBlockDepthFirstDom (128 bytes)
Event: 16.587 Thread 0x0000000016396000 nmethod 1958 0x000000000318a690 code [0x000000000318a8a0, 0x000000000318b718]
Event: 16.587 Thread 0x0000000016396000 1957       4       com.android.dx.ssa.SsaConverter::edgeSplitPredecessors (44 bytes)
Event: 16.635 Thread 0x00000000163e0800 1960       3       java.util.concurrent.locks.AbstractQueuedSynchronizer$ConditionObject::doSignal (43 bytes)
Event: 16.636 Thread 0x00000000163e0800 nmethod 1960 0x00000000030f1a90 code [0x00000000030f1c00, 0x00000000030f1f88]
Event: 16.636 Thread 0x00000000163e0800 1961       1       com.android.dx.cf.attrib.InnerClassList$Item::getInnerName (5 bytes)
Event: 16.636 Thread 0x00000000163e0800 nmethod 1961 0x00000000031284d0 code [0x0000000003128620, 0x0000000003128730]
Event: 16.636 Thread 0x00000000163e0800 1962       1       com.android.dx.cf.attrib.InnerClassList$Item::getAccessFlags (5 bytes)
Event: 16.636 Thread 0x00000000163e0800 nmethod 1962 0x00000000030f17d0 code [0x00000000030f1920, 0x00000000030f1a30]

GC Heap History (6 events):
Event: 3.398 GC heap before
{Heap before GC invocations=1 (full 0):
 PSYoungGen      total 38400K, used 33280K [0x00000000eab00000, 0x00000000ed580000, 0x0000000100000000)
  eden space 33280K, 100% used [0x00000000eab00000,0x00000000ecb80000,0x00000000ecb80000)
  from space 5120K, 0% used [0x00000000ed080000,0x00000000ed080000,0x00000000ed580000)
  to   space 5120K, 0% used [0x00000000ecb80000,0x00000000ecb80000,0x00000000ed080000)
 ParOldGen       total 87552K, used 0K [0x00000000c0000000, 0x00000000c5580000, 0x00000000eab00000)
  object space 87552K, 0% used [0x00000000c0000000,0x00000000c0000000,0x00000000c5580000)
 Metaspace       used 5952K, capacity 6836K, committed 7040K, reserved 1056768K
  class space    used 606K, capacity 620K, committed 640K, reserved 1048576K
Event: 3.609 GC heap after
Heap after GC invocations=1 (full 0):
 PSYoungGen      total 38400K, used 4842K [0x00000000eab00000, 0x00000000ef600000, 0x0000000100000000)
  eden space 33280K, 0% used [0x00000000eab00000,0x00000000eab00000,0x00000000ecb80000)
  from space 5120K, 94% used [0x00000000ecb80000,0x00000000ed03aa50,0x00000000ed080000)
  to   space 5120K, 0% used [0x00000000ef100000,0x00000000ef100000,0x00000000ef600000)
 ParOldGen       total 87552K, used 0K [0x00000000c0000000, 0x00000000c5580000, 0x00000000eab00000)
  object space 87552K, 0% used [0x00000000c0000000,0x00000000c0000000,0x00000000c5580000)
 Metaspace       used 5952K, capacity 6836K, committed 7040K, reserved 1056768K
  class space    used 606K, capacity 620K, committed 640K, reserved 1048576K
}
Event: 7.718 GC heap before
{Heap before GC invocations=2 (full 0):
 PSYoungGen      total 38400K, used 38122K [0x00000000eab00000, 0x00000000ef600000, 0x0000000100000000)
  eden space 33280K, 100% used [0x00000000eab00000,0x00000000ecb80000,0x00000000ecb80000)
  from space 5120K, 94% used [0x00000000ecb80000,0x00000000ed03aa50,0x00000000ed080000)
  to   space 5120K, 0% used [0x00000000ef100000,0x00000000ef100000,0x00000000ef600000)
 ParOldGen       total 87552K, used 0K [0x00000000c0000000, 0x00000000c5580000, 0x00000000eab00000)
  object space 87552K, 0% used [0x00000000c0000000,0x00000000c0000000,0x00000000c5580000)
 Metaspace       used 6162K, capacity 7030K, committed 7296K, reserved 1056768K
  class space    used 608K, capacity 622K, committed 640K, reserved 1048576K
Event: 7.902 GC heap after
Heap after GC invocations=2 (full 0):
 PSYoungGen      total 71680K, used 5088K [0x00000000eab00000, 0x00000000ef600000, 0x0000000100000000)
  eden space 66560K, 0% used [0x00000000eab00000,0x00000000eab00000,0x00000000eec00000)
  from space 5120K, 99% used [0x00000000ef100000,0x00000000ef5f81b0,0x00000000ef600000)
  to   space 5120K, 0% used [0x00000000eec00000,0x00000000eec00000,0x00000000ef100000)
 ParOldGen       total 87552K, used 2733K [0x00000000c0000000, 0x00000000c5580000, 0x00000000eab00000)
  object space 87552K, 3% used [0x00000000c0000000,0x00000000c02ab458,0x00000000c5580000)
 Metaspace       used 6162K, capacity 7030K, committed 7296K, reserved 1056768K
  class space    used 608K, capacity 622K, committed 640K, reserved 1048576K
}
Event: 12.000 GC heap before
{Heap before GC invocations=3 (full 0):
 PSYoungGen      total 71680K, used 71648K [0x00000000eab00000, 0x00000000ef600000, 0x0000000100000000)
  eden space 66560K, 100% used [0x00000000eab00000,0x00000000eec00000,0x00000000eec00000)
  from space 5120K, 99% used [0x00000000ef100000,0x00000000ef5f81b0,0x00000000ef600000)
  to   space 5120K, 0% used [0x00000000eec00000,0x00000000eec00000,0x00000000ef100000)
 ParOldGen       total 87552K, used 2733K [0x00000000c0000000, 0x00000000c5580000, 0x00000000eab00000)
  object space 87552K, 3% used [0x00000000c0000000,0x00000000c02ab458,0x00000000c5580000)
 Metaspace       used 6292K, capacity 7158K, committed 7296K, reserved 1056768K
  class space    used 610K, capacity 622K, committed 640K, reserved 1048576K
Event: 12.187 GC heap after
Heap after GC invocations=3 (full 0):
 PSYoungGen      total 71680K, used 5103K [0x00000000eab00000, 0x00000000ef600000, 0x0000000100000000)
  eden space 66560K, 0% used [0x00000000eab00000,0x00000000eab00000,0x00000000eec00000)
  from space 5120K, 99% used [0x00000000eec00000,0x00000000ef0fbf20,0x00000000ef100000)
  to   space 5120K, 0% used [0x00000000ef100000,0x00000000ef100000,0x00000000ef600000)
 ParOldGen       total 87552K, used 12816K [0x00000000c0000000, 0x00000000c5580000, 0x00000000eab00000)
  object space 87552K, 14% used [0x00000000c0000000,0x00000000c0c84070,0x00000000c5580000)
 Metaspace       used 6292K, capacity 7158K, committed 7296K, reserved 1056768K
  class space    used 610K, capacity 622K, committed 640K, reserved 1048576K
}

Deoptimization events (10 events):
Event: 10.757 Thread 0x000000001664f800 Uncommon trap: reason=bimorphic action=maybe_recompile pc=0x0000000002a96a14 method=java.util.HashMap.getNode(ILjava/lang/Object;)Ljava/util/HashMap$Node; @ 126
Event: 10.757 Thread 0x000000001664f800 Uncommon trap: reason=class_check action=maybe_recompile pc=0x0000000002cac074 method=java.util.HashMap.putVal(ILjava/lang/Object;Ljava/lang/Object;ZZ)Ljava/lang/Object; @ 203
Event: 10.757 Thread 0x000000001664f800 Uncommon trap: reason=bimorphic action=maybe_recompile pc=0x0000000002bf3c38 method=java.util.HashMap.getNode(ILjava/lang/Object;)Ljava/util/HashMap$Node; @ 126
Event: 11.246 Thread 0x0000000016671800 Uncommon trap: reason=unstable_if action=reinterpret pc=0x0000000002d65584 method=com.android.dx.ssa.SCCP.simulateBranch(Lcom/android/dx/ssa/SsaInsn;)V @ 64
Event: 11.246 Thread 0x0000000016671800 Uncommon trap: reason=unstable_if action=reinterpret pc=0x0000000002dd7114 method=com.android.dx.ssa.LiteralOpUpgrader$1.visitNonMoveInsn(Lcom/android/dx/ssa/NormalSsaInsn;)V @ 55
Event: 11.247 Thread 0x0000000016671800 Uncommon trap: reason=unstable_if action=reinterpret pc=0x0000000002c52a4c method=com.android.dx.ssa.SsaMethod.updateOneDefinition(Lcom/android/dx/ssa/SsaInsn;Lcom/android/dx/rop/code/RegisterSpec;)V @ 4
Event: 14.391 Thread 0x000000001664f800 Uncommon trap: reason=bimorphic action=maybe_recompile pc=0x0000000002fbb260 method=com.android.dx.cf.code.BytecodeArray.parseInstruction(ILcom/android/dx/cf/code/BytecodeArray$Visitor;)I @ 1130
Event: 14.392 Thread 0x000000001664f800 Uncommon trap: reason=bimorphic action=maybe_recompile pc=0x0000000002fbb260 method=com.android.dx.cf.code.BytecodeArray.parseInstruction(ILcom/android/dx/cf/code/BytecodeArray$Visitor;)I @ 1130
Event: 15.607 Thread 0x000000001664f800 Uncommon trap: reason=unstable_if action=reinterpret pc=0x00000000030ec7a0 method=com.android.dx.dex.code.RopTranslator.pickOrder()V @ 279
Event: 15.749 Thread 0x000000001666e000 Uncommon trap: reason=unstable_if action=reinterpret pc=0x0000000003041054 method=com.android.dx.cf.code.Ropper.isSynchronized()Z @ 12

Internal exceptions (3 events):
Event: 0.054 Thread 0x00000000022ef000 Exception <a 'java/lang/NoSuchMethodError': Method sun.misc.Unsafe.defineClass(Ljava/lang/String;[BII)Ljava/lang/Class; name or signature does not match> (0x00000000eab07cc0) thrown at [C:\re\workspace\8-2-build-windows-amd64-cygwin\jdk8u74\6087\hotspot\sr¸y/7Û«?
Event: 0.054 Thread 0x00000000022ef000 Exception <a 'java/lang/NoSuchMethodError': Method sun.misc.Unsafe.prefetchRead(Ljava/lang/Object;J)V name or signature does not match> (0x00000000eab07fa8) thrown at [C:\re\workspace\8-2-build-windows-amd64-cygwin\jdk8u74\6087\hotspot\src\share\vm\prims\j]X?—‚@
Event: 4.128 Thread 0x000000001664f800 Implicit null exception at 0x0000000002bd43d2 to 0x0000000002bd44d1

Events (10 events):
Event: 14.398 Thread 0x000000001664f800 DEOPT PACKING pc=0x0000000002bbe32c sp=0x0000000017d8e590
Event: 14.398 Thread 0x000000001664f800 DEOPT UNPACKING pc=0x000000000289787f sp=0x0000000017d8e310 mode 0
Event: 15.607 Thread 0x000000001664f800 Uncommon trap: trap_request=0xffffff65 fr.pc=0x00000000030ec7a0
Event: 15.607 Thread 0x000000001664f800 DEOPT PACKING pc=0x00000000030ec7a0 sp=0x0000000017d8e830
Event: 15.607 Thread 0x000000001664f800 DEOPT UNPACKING pc=0x000000000289582a sp=0x0000000017d8e798 mode 2
Event: 15.748 Thread 0x000000001666e000 Uncommon trap: trap_request=0xffffff65 fr.pc=0x0000000003041054
Event: 15.749 Thread 0x000000001666e000 DEOPT PACKING pc=0x0000000003041054 sp=0x0000000016e7e610
Event: 15.749 Thread 0x000000001666e000 DEOPT UNPACKING pc=0x000000000289582a sp=0x0000000016e7e578 mode 2
Event: 16.540 Thread 0x0000000016655000 DEOPT PACKING pc=0x0000000002ca2359 sp=0x0000000017fde930
Event: 16.540 Thread 0x0000000016655000 DEOPT UNPACKING pc=0x000000000289787f sp=0x0000000017fde710 mode 0


Dynamic libraries:
0x000000013fa00000 - 0x000000013fa37000 	C:\Program Files\Java\jdk1.8.0_74\bin\java.exe
0x00000000777b0000 - 0x0000000077959000 	C:\Windows\SYSTEM32\ntdll.dll
0x0000000077590000 - 0x00000000776af000 	C:\Windows\system32\kernel32.dll
0x000007fefd7f0000 - 0x000007fefd85b000 	C:\Windows\system32\KERNELBASE.dll
0x000007fefecd0000 - 0x000007fefedab000 	C:\Windows\system32\ADVAPI32.dll
0x000007feffa20000 - 0x000007feffabf000 	C:\Windows\system32\msvcrt.dll
0x000007fefe8e0000 - 0x000007fefe8ff000 	C:\Windows\SYSTEM32\sechost.dll
0x000007fefeba0000 - 0x000007fefeccd000 	C:\Windows\system32\RPCRT4.dll
0x00000000776b0000 - 0x00000000777aa000 	C:\Windows\system32\USER32.dll
0x000007feff620000 - 0x000007feff687000 	C:\Windows\system32\GDI32.dll
0x000007fefea10000 - 0x000007fefea1e000 	C:\Windows\system32\LPK.dll
0x000007feff370000 - 0x000007feff439000 	C:\Windows\system32\USP10.dll
0x000007fefc1d0000 - 0x000007fefc3c4000 	C:\Windows\WinSxS\amd64_microsoft.windows.common-controls_6595b64144ccf1df_6.0.7601.17514_none_fa396087175ac9ac\COMCTL32.dll
0x000007feff9a0000 - 0x000007feffa11000 	C:\Windows\system32\SHLWAPI.dll
0x000007feff260000 - 0x000007feff28e000 	C:\Windows\system32\IMM32.DLL
0x000007fefefc0000 - 0x000007feff0c9000 	C:\Windows\system32\MSCTF.dll
0x0000000053630000 - 0x0000000053702000 	C:\Program Files\Java\jdk1.8.0_74\jre\bin\msvcr100.dll
0x0000000054790000 - 0x0000000055020000 	C:\Program Files\Java\jdk1.8.0_74\jre\bin\server\jvm.dll
0x000007fef3f20000 - 0x000007fef3f29000 	C:\Windows\system32\WSOCK32.dll
0x000007fefe9c0000 - 0x000007fefea0d000 	C:\Windows\system32\WS2_32.dll
0x000007feff8f0000 - 0x000007feff8f8000 	C:\Windows\system32\NSI.dll
0x000007fefb7c0000 - 0x000007fefb7fb000 	C:\Windows\system32\WINMM.dll
0x000007fefc860000 - 0x000007fefc86c000 	C:\Windows\system32\VERSION.dll
0x0000000077980000 - 0x0000000077987000 	C:\Windows\system32\PSAPI.DLL
0x000000006dd10000 - 0x000000006dd1f000 	C:\Program Files\Java\jdk1.8.0_74\jre\bin\verify.dll
0x0000000055710000 - 0x0000000055739000 	C:\Program Files\Java\jdk1.8.0_74\jre\bin\java.dll
0x0000000060b90000 - 0x0000000060ba6000 	C:\Program Files\Java\jdk1.8.0_74\jre\bin\zip.dll
0x000007fefdad0000 - 0x000007fefe858000 	C:\Windows\system32\SHELL32.dll
0x000007fefedb0000 - 0x000007fefefb3000 	C:\Windows\system32\ole32.dll
0x000007fefd700000 - 0x000007fefd70f000 	C:\Windows\system32\profapi.dll

VM Arguments:
jvm_args: -Djava.awt.headless=true -Xmx1024M -Dfile.encoding=windows-1254 -Duser.country=TR -Duser.language=tr -Duser.variant 
java_command: com.android.dx.command.Main --dex --num-threads=4 --output C:\Users\gL\AndroidStudioProjects\Week10\app\build\intermediates\pre-dexed\debug\com.android.support-support-v4-23.2.1_3c2a56b1159ce7e4070ca48990684f1977192bca.jar C:\Users\gL\AndroidStudioProjects\Week10\app\build\intermediates\exploded-aar\com.android.support\support-v4\23.2.1\jars\classes.jar
java_class_path (initial): C:\Users\gL\AppData\Local\Android\sdk\build-tools\23.0.3\lib\dx.jar
Launcher Type: SUN_STANDARD

Environment Variables:
JAVA_HOME=C:\Program Files\Java\jdk1.8.0_74
PATH=C:\ProgramData\Oracle\Java\javapath;C:\Program Files (x86)\Intel\iCLS Client\;C:\Program Files\Intel\iCLS Client\;C:\Windows\system32;C:\Windows;C:\Windows\System32\Wbem;C:\Windows\System32\WindowsPowerShell\v1.0\;C:\Program Files (x86)\Intel\OpenCL SDK\2.0\bin\x86;C:\Program Files (x86)\Intel\OpenCL SDK\2.0\bin\x64;C:\Program Files\Intel\Intel(R) Management Engine Components\DAL;C:\Program Files\Intel\Intel(R) Management Engine Components\IPT;C:\Program Files (x86)\Intel\Intel(R) Management Engine Components\DAL;C:\Program Files (x86)\Intel\Intel(R) Management Engine Components\IPT;C:\Program Files\MATLAB\R2014b\runtime\win64;C:\Program Files\MATLAB\R2014b\bin;C:\Program Files (x86)\Windows Kits\8.1\Windows Performance Toolkit\;C:\Program Files\Microsoft SQL Server\110\Tools\Binn\;C:\Program Files (x86)\Microsoft SDKs\TypeScript\1.0\;C:\Program Files\Microsoft SQL Server\120\Tools\Binn\;C:\Program Files\Java\jdk1.8.0_74\bin;C:\Program Files\JAI\SDK\bin;C:\Program Files\JAI\SDK\bin\Win32_i86;C:\Program Files\JAI\SDK\GenICam\bin\Win64_x64;C:\Program Files\JAI\SDK\GenICam\bin\Win32_i86;C:\Program Files\Common Files\XenICs\Runtime;C:\Program Files\Git\cmd;C:\Program Files\SlikSvn\bin;;D:\Ceemple\OpenCV4VS\bin
USERNAME=gL
OS=Windows_NT
PROCESSOR_IDENTIFIER=Intel64 Family 6 Model 58 Stepping 9, GenuineIntel



---------------  S Y S T E M  ---------------

OS: Windows 7 , 64 bit Build 7601 (6.1.7601.17514)

CPU:total 4 (2 cores per cpu, 2 threads per core) family 6 model 58 stepping 9, cmov, cx8, fxsr, mmx, sse, sse2, sse3, ssse3, sse4.1, sse4.2, popcnt, avx, aes, clmul, erms, ht, tsc, tscinvbit, tscinv

Memory: 4k page, physical 8282524k(635660k free), swap 8804968k(13784k free)

vm_info: Java HotSpot(TM) 64-Bit Server VM (25.74-b02) for windows-amd64 JRE (1.8.0_74-b02), built on Jan 29 2016 17:42:36 by "java_re" with MS VC++ 10.0 (VS2010)

time: Thu Apr 28 14:46:26 2016
elapsed time: 16 seconds (0d 0h 0m 16s)

